{"/home/travis/build/npmtest/node-npmtest-kareem/test.js":{"path":"/home/travis/build/npmtest/node-npmtest-kareem/test.js","s":{"1":2,"2":2,"3":2,"4":2,"5":2,"6":2,"7":2,"8":1,"9":2,"10":2,"11":1,"12":1,"13":1,"14":1,"15":2,"16":2,"17":2,"18":2,"19":1,"20":1,"21":2,"22":2,"23":2,"24":1,"25":1,"26":1,"27":1,"28":1,"29":1,"30":1,"31":1,"32":1,"33":1,"34":1,"35":1,"36":1,"37":1,"38":1,"39":2,"40":2,"41":1,"42":2,"43":2,"44":1,"45":2,"46":2,"47":1,"48":2,"49":2,"50":1,"51":1,"52":1,"53":1,"54":1},"b":{"1":[2,1,1,1],"2":[1,1,1,1],"3":[1,1],"4":[1,1],"5":[1,1],"6":[1,1],"7":[1,1],"8":[1,1],"9":[1,1],"10":[1,1,1],"11":[1,1],"12":[1,1],"13":[1,1],"14":[1,1],"15":[1,1],"16":[1,1],"17":[1,1]},"f":{"1":2,"2":2,"3":2,"4":2,"5":2,"6":1,"7":1,"8":1,"9":2,"10":2,"11":2,"12":2,"13":1},"fnMap":{"1":{"name":"(anonymous_1)","line":12,"loc":{"start":{"line":12,"column":1},"end":{"line":12,"column":13}}},"2":{"name":"(anonymous_2)","line":19,"loc":{"start":{"line":19,"column":5},"end":{"line":19,"column":17}}},"3":{"name":"(anonymous_3)","line":23,"loc":{"start":{"line":23,"column":24},"end":{"line":23,"column":36}}},"4":{"name":"(anonymous_4)","line":61,"loc":{"start":{"line":61,"column":5},"end":{"line":61,"column":17}}},"5":{"name":"(anonymous_5)","line":82,"loc":{"start":{"line":82,"column":5},"end":{"line":82,"column":17}}},"6":{"name":"(anonymous_6)","line":91,"loc":{"start":{"line":91,"column":77},"end":{"line":94,"column":10}}},"7":{"name":"(anonymous_7)","line":112,"loc":{"start":{"line":112,"column":83},"end":{"line":115,"column":10}},"skip":true},"8":{"name":"(anonymous_8)","line":123,"loc":{"start":{"line":123,"column":77},"end":{"line":126,"column":10}},"skip":true},"9":{"name":"(anonymous_9)","line":139,"loc":{"start":{"line":139,"column":12},"end":{"line":139,"column":40}},"skip":true},"10":{"name":"(anonymous_10)","line":147,"loc":{"start":{"line":147,"column":77},"end":{"line":150,"column":10}},"skip":true},"11":{"name":"(anonymous_11)","line":158,"loc":{"start":{"line":158,"column":83},"end":{"line":161,"column":10}},"skip":true},"12":{"name":"(anonymous_12)","line":169,"loc":{"start":{"line":169,"column":79},"end":{"line":172,"column":10}},"skip":true},"13":{"name":"(anonymous_13)","line":180,"loc":{"start":{"line":180,"column":75},"end":{"line":183,"column":10}},"skip":true}},"statementMap":{"1":{"start":{"line":12,"column":0},"end":{"line":195,"column":5}},"2":{"start":{"line":14,"column":4},"end":{"line":14,"column":14}},"3":{"start":{"line":19,"column":4},"end":{"line":56,"column":9}},"4":{"start":{"line":21,"column":8},"end":{"line":21,"column":19}},"5":{"start":{"line":23,"column":8},"end":{"line":35,"column":13}},"6":{"start":{"line":24,"column":12},"end":{"line":34,"column":13}},"7":{"start":{"line":25,"column":16},"end":{"line":28,"column":30}},"8":{"start":{"line":30,"column":16},"end":{"line":33,"column":27}},"9":{"start":{"line":37,"column":8},"end":{"line":39,"column":21}},"10":{"start":{"line":40,"column":8},"end":{"line":53,"column":9}},"11":{"start":{"line":43,"column":12},"end":{"line":46,"column":14}},"12":{"start":{"line":47,"column":12},"end":{"line":47,"column":18}},"13":{"start":{"line":50,"column":12},"end":{"line":51,"column":46}},"14":{"start":{"line":52,"column":12},"end":{"line":52,"column":18}},"15":{"start":{"line":55,"column":8},"end":{"line":55,"column":35}},"16":{"start":{"line":61,"column":4},"end":{"line":63,"column":9}},"17":{"start":{"line":62,"column":8},"end":{"line":62,"column":15}},"18":{"start":{"line":64,"column":4},"end":{"line":77,"column":5}},"19":{"start":{"line":70,"column":8},"end":{"line":70,"column":14}},"20":{"start":{"line":76,"column":8},"end":{"line":76,"column":14}},"21":{"start":{"line":82,"column":4},"end":{"line":84,"column":9}},"22":{"start":{"line":83,"column":8},"end":{"line":83,"column":15}},"23":{"start":{"line":85,"column":4},"end":{"line":194,"column":5}},"24":{"start":{"line":91,"column":8},"end":{"line":99,"column":10}},"25":{"start":{"line":98,"column":12},"end":{"line":98,"column":35}},"26":{"start":{"line":102,"column":8},"end":{"line":104,"column":63}},"27":{"start":{"line":105,"column":8},"end":{"line":105,"column":14}},"28":{"start":{"line":112,"column":8},"end":{"line":121,"column":10},"skip":true},"29":{"start":{"line":119,"column":12},"end":{"line":119,"column":55},"skip":true},"30":{"start":{"line":120,"column":12},"end":{"line":120,"column":48},"skip":true},"31":{"start":{"line":123,"column":8},"end":{"line":136,"column":10},"skip":true},"32":{"start":{"line":130,"column":12},"end":{"line":130,"column":76},"skip":true},"33":{"start":{"line":131,"column":12},"end":{"line":131,"column":73},"skip":true},"34":{"start":{"line":132,"column":12},"end":{"line":132,"column":74},"skip":true},"35":{"start":{"line":133,"column":12},"end":{"line":133,"column":79},"skip":true},"36":{"start":{"line":134,"column":12},"end":{"line":134,"column":25},"skip":true},"37":{"start":{"line":135,"column":12},"end":{"line":135,"column":45},"skip":true},"38":{"start":{"line":138,"column":8},"end":{"line":145,"column":14},"skip":true},"39":{"start":{"line":143,"column":16},"end":{"line":143,"column":29},"skip":true},"40":{"start":{"line":144,"column":16},"end":{"line":144,"column":55},"skip":true},"41":{"start":{"line":147,"column":8},"end":{"line":156,"column":10},"skip":true},"42":{"start":{"line":154,"column":12},"end":{"line":154,"column":25},"skip":true},"43":{"start":{"line":155,"column":12},"end":{"line":155,"column":45},"skip":true},"44":{"start":{"line":158,"column":8},"end":{"line":167,"column":10},"skip":true},"45":{"start":{"line":165,"column":12},"end":{"line":165,"column":25},"skip":true},"46":{"start":{"line":166,"column":12},"end":{"line":166,"column":48},"skip":true},"47":{"start":{"line":169,"column":8},"end":{"line":178,"column":10},"skip":true},"48":{"start":{"line":176,"column":12},"end":{"line":176,"column":25},"skip":true},"49":{"start":{"line":177,"column":12},"end":{"line":177,"column":46},"skip":true},"50":{"start":{"line":180,"column":8},"end":{"line":189,"column":10},"skip":true},"51":{"start":{"line":187,"column":12},"end":{"line":187,"column":94},"skip":true},"52":{"start":{"line":188,"column":12},"end":{"line":188,"column":48},"skip":true},"53":{"start":{"line":192,"column":8},"end":{"line":192,"column":35},"skip":true},"54":{"start":{"line":193,"column":8},"end":{"line":193,"column":14},"skip":true}},"branchMap":{"1":{"line":25,"type":"binary-expr","locations":[{"start":{"line":25,"column":23},"end":{"line":25,"column":62}},{"start":{"line":26,"column":20},"end":{"line":26,"column":70}},{"start":{"line":27,"column":20},"end":{"line":27,"column":71}},{"start":{"line":28,"column":20},"end":{"line":28,"column":29}}]},"2":{"line":30,"type":"binary-expr","locations":[{"start":{"line":30,"column":23},"end":{"line":30,"column":37}},{"start":{"line":31,"column":20},"end":{"line":31,"column":61}},{"start":{"line":32,"column":20},"end":{"line":32,"column":70}},{"start":{"line":33,"column":20},"end":{"line":33,"column":26}}]},"3":{"line":37,"type":"cond-expr","locations":[{"start":{"line":38,"column":14},"end":{"line":38,"column":20}},{"start":{"line":39,"column":14},"end":{"line":39,"column":20}}]},"4":{"line":40,"type":"switch","locations":[{"start":{"line":42,"column":8},"end":{"line":47,"column":18}},{"start":{"line":49,"column":8},"end":{"line":52,"column":18}}]},"5":{"line":44,"type":"binary-expr","locations":[{"start":{"line":44,"column":16},"end":{"line":44,"column":44}},{"start":{"line":44,"column":48},"end":{"line":44,"column":66}}]},"6":{"line":50,"type":"binary-expr","locations":[{"start":{"line":50,"column":21},"end":{"line":50,"column":49}},{"start":{"line":50,"column":53},"end":{"line":50,"column":72}}]},"7":{"line":64,"type":"switch","locations":[{"start":{"line":69,"column":4},"end":{"line":70,"column":14}},{"start":{"line":75,"column":4},"end":{"line":76,"column":14}}]},"8":{"line":85,"type":"switch","locations":[{"start":{"line":90,"column":4},"end":{"line":105,"column":14}},{"start":{"line":111,"column":4},"end":{"line":193,"column":14},"skip":true}]},"9":{"line":91,"type":"binary-expr","locations":[{"start":{"line":91,"column":42},"end":{"line":91,"column":73}},{"start":{"line":91,"column":77},"end":{"line":99,"column":9}}]},"10":{"line":102,"type":"binary-expr","locations":[{"start":{"line":102,"column":18},"end":{"line":102,"column":32}},{"start":{"line":103,"column":12},"end":{"line":103,"column":53}},{"start":{"line":104,"column":12},"end":{"line":104,"column":61}}]},"11":{"line":112,"type":"binary-expr","locations":[{"start":{"line":112,"column":45},"end":{"line":112,"column":79},"skip":true},{"start":{"line":112,"column":83},"end":{"line":121,"column":9},"skip":true}]},"12":{"line":123,"type":"binary-expr","locations":[{"start":{"line":123,"column":42},"end":{"line":123,"column":73},"skip":true},{"start":{"line":123,"column":77},"end":{"line":136,"column":9},"skip":true}]},"13":{"line":138,"type":"binary-expr","locations":[{"start":{"line":138,"column":48},"end":{"line":138,"column":85},"skip":true},{"start":{"line":139,"column":12},"end":{"line":145,"column":13},"skip":true}]},"14":{"line":147,"type":"binary-expr","locations":[{"start":{"line":147,"column":42},"end":{"line":147,"column":73},"skip":true},{"start":{"line":147,"column":77},"end":{"line":156,"column":9},"skip":true}]},"15":{"line":158,"type":"binary-expr","locations":[{"start":{"line":158,"column":45},"end":{"line":158,"column":79},"skip":true},{"start":{"line":158,"column":83},"end":{"line":167,"column":9},"skip":true}]},"16":{"line":169,"type":"binary-expr","locations":[{"start":{"line":169,"column":43},"end":{"line":169,"column":75},"skip":true},{"start":{"line":169,"column":79},"end":{"line":178,"column":9},"skip":true}]},"17":{"line":180,"type":"binary-expr","locations":[{"start":{"line":180,"column":41},"end":{"line":180,"column":71},"skip":true},{"start":{"line":180,"column":75},"end":{"line":189,"column":9},"skip":true}]}},"code":["/* istanbul instrument in package npmtest_kareem */","/*jslint","    bitwise: true,","    browser: true,","    maxerr: 8,","    maxlen: 96,","    node: true,","    nomen: true,","    regexp: true,","    stupid: true","*/","(function () {","    'use strict';","    var local;","","","","    // run shared js-env code - pre-init","    (function () {","        // init local","        local = {};","        // init modeJs","        local.modeJs = (function () {","            try {","                return typeof navigator.userAgent === 'string' &&","                    typeof document.querySelector('body') === 'object' &&","                    typeof XMLHttpRequest.prototype.open === 'function' &&","                    'browser';","            } catch (errorCaughtBrowser) {","                return module.exports &&","                    typeof process.versions.node === 'string' &&","                    typeof require('http').createServer === 'function' &&","                    'node';","            }","        }());","        // init global","        local.global = local.modeJs === 'browser'","            ? window","            : global;","        switch (local.modeJs) {","        // re-init local from window.local","        case 'browser':","            local = local.global.utility2.objectSetDefault(","                local.global.utility2_rollup || local.global.local,","                local.global.utility2","            );","            break;","        // re-init local from example.js","        case 'node':","            local = (local.global.utility2_rollup || require('utility2'))","                .requireExampleJsFromReadme();","            break;","        }","        // export local","        local.global.local = local;","    }());","","","","    // run shared js-env code - function","    (function () {","        return;","    }());","    switch (local.modeJs) {","","","","    // run browser js-env code - function","    case 'browser':","        break;","","","","    // run node js-env code - function","    case 'node':","        break;","    }","","","","    // run shared js-env code - post-init","    (function () {","        return;","    }());","    switch (local.modeJs) {","","","","    // run browser js-env code - post-init","    case 'browser':","        local.testCase_browser_nullCase = local.testCase_browser_nullCase || function (","            options,","            onError","        ) {","        /*","         * this function will test browsers's null-case handling-behavior-behavior","         */","            onError(null, options);","        };","","        // run tests","        local.nop(local.modeTest &&","            document.querySelector('#testRunButton1') &&","            document.querySelector('#testRunButton1').click());","        break;","","","","    // run node js-env code - post-init","    /* istanbul ignore next */","    case 'node':","        local.testCase_buildApidoc_default = local.testCase_buildApidoc_default || function (","            options,","            onError","        ) {","        /*","         * this function will test buildApidoc's default handling-behavior-behavior","         */","            options = { modulePathList: module.paths };","            local.buildApidoc(options, onError);","        };","","        local.testCase_buildApp_default = local.testCase_buildApp_default || function (","            options,","            onError","        ) {","        /*","         * this function will test buildApp's default handling-behavior-behavior","         */","            local.testCase_buildReadme_default(options, local.onErrorThrow);","            local.testCase_buildLib_default(options, local.onErrorThrow);","            local.testCase_buildTest_default(options, local.onErrorThrow);","            local.testCase_buildCustomOrg_default(options, local.onErrorThrow);","            options = [];","            local.buildApp(options, onError);","        };","","        local.testCase_buildCustomOrg_default = local.testCase_buildCustomOrg_default ||","            function (options, onError) {","            /*","             * this function will test buildCustomOrg's default handling-behavior","             */","                options = {};","                local.buildCustomOrg(options, onError);","            };","","        local.testCase_buildLib_default = local.testCase_buildLib_default || function (","            options,","            onError","        ) {","        /*","         * this function will test buildLib's default handling-behavior","         */","            options = {};","            local.buildLib(options, onError);","        };","","        local.testCase_buildReadme_default = local.testCase_buildReadme_default || function (","            options,","            onError","        ) {","        /*","         * this function will test buildReadme's default handling-behavior-behavior","         */","            options = {};","            local.buildReadme(options, onError);","        };","","        local.testCase_buildTest_default = local.testCase_buildTest_default || function (","            options,","            onError","        ) {","        /*","         * this function will test buildTest's default handling-behavior","         */","            options = {};","            local.buildTest(options, onError);","        };","","        local.testCase_webpage_default = local.testCase_webpage_default || function (","            options,","            onError","        ) {","        /*","         * this function will test webpage's default handling-behavior","         */","            options = { modeCoverageMerge: true, url: local.serverLocalHost + '?modeTest=1' };","            local.browserTest(options, onError);","        };","","        // run test-server","        local.testRunServer(local);","        break;","    }","}());",""],"l":{"12":2,"14":2,"19":2,"21":2,"23":2,"24":2,"25":2,"30":1,"37":2,"40":2,"43":1,"47":1,"50":1,"52":1,"55":2,"61":2,"62":2,"64":2,"70":1,"76":1,"82":2,"83":2,"85":2,"91":1,"98":1,"102":1,"105":1,"112":1,"119":1,"120":1,"123":1,"130":1,"131":1,"132":1,"133":1,"134":1,"135":1,"138":1,"143":2,"144":2,"147":1,"154":2,"155":2,"158":1,"165":2,"166":2,"169":1,"176":2,"177":2,"180":1,"187":1,"188":1,"192":1,"193":1}},"/home/travis/build/npmtest/node-npmtest-kareem/lib.npmtest_kareem.js":{"path":"/home/travis/build/npmtest/node-npmtest-kareem/lib.npmtest_kareem.js","s":{"1":2,"2":2,"3":2,"4":2,"5":2,"6":2,"7":2,"8":1,"9":2,"10":2,"11":2,"12":2,"13":1,"14":1,"15":1,"16":1},"b":{"1":[2,1,1,1],"2":[1,1,1,1],"3":[1,1],"4":[2,2],"5":[1,1]},"f":{"1":2,"2":2,"3":2},"fnMap":{"1":{"name":"(anonymous_1)","line":12,"loc":{"start":{"line":12,"column":1},"end":{"line":12,"column":13}}},"2":{"name":"(anonymous_2)","line":19,"loc":{"start":{"line":19,"column":5},"end":{"line":19,"column":17}}},"3":{"name":"(anonymous_3)","line":23,"loc":{"start":{"line":23,"column":24},"end":{"line":23,"column":36}}}},"statementMap":{"1":{"start":{"line":12,"column":0},"end":{"line":53,"column":5}},"2":{"start":{"line":14,"column":4},"end":{"line":14,"column":14}},"3":{"start":{"line":19,"column":4},"end":{"line":52,"column":9}},"4":{"start":{"line":21,"column":8},"end":{"line":21,"column":19}},"5":{"start":{"line":23,"column":8},"end":{"line":35,"column":13}},"6":{"start":{"line":24,"column":12},"end":{"line":34,"column":13}},"7":{"start":{"line":25,"column":16},"end":{"line":28,"column":30}},"8":{"start":{"line":30,"column":16},"end":{"line":33,"column":27}},"9":{"start":{"line":37,"column":8},"end":{"line":39,"column":21}},"10":{"start":{"line":41,"column":8},"end":{"line":41,"column":54}},"11":{"start":{"line":43,"column":8},"end":{"line":43,"column":51}},"12":{"start":{"line":45,"column":8},"end":{"line":51,"column":9}},"13":{"start":{"line":46,"column":12},"end":{"line":46,"column":57}},"14":{"start":{"line":48,"column":12},"end":{"line":48,"column":35}},"15":{"start":{"line":49,"column":12},"end":{"line":49,"column":49}},"16":{"start":{"line":50,"column":12},"end":{"line":50,"column":43}}},"branchMap":{"1":{"line":25,"type":"binary-expr","locations":[{"start":{"line":25,"column":23},"end":{"line":25,"column":62}},{"start":{"line":26,"column":20},"end":{"line":26,"column":70}},{"start":{"line":27,"column":20},"end":{"line":27,"column":71}},{"start":{"line":28,"column":20},"end":{"line":28,"column":29}}]},"2":{"line":30,"type":"binary-expr","locations":[{"start":{"line":30,"column":23},"end":{"line":30,"column":37}},{"start":{"line":31,"column":20},"end":{"line":31,"column":61}},{"start":{"line":32,"column":20},"end":{"line":32,"column":70}},{"start":{"line":33,"column":20},"end":{"line":33,"column":26}}]},"3":{"line":37,"type":"cond-expr","locations":[{"start":{"line":38,"column":14},"end":{"line":38,"column":20}},{"start":{"line":39,"column":14},"end":{"line":39,"column":20}}]},"4":{"line":41,"type":"binary-expr","locations":[{"start":{"line":41,"column":16},"end":{"line":41,"column":44}},{"start":{"line":41,"column":48},"end":{"line":41,"column":53}}]},"5":{"line":45,"type":"if","locations":[{"start":{"line":45,"column":8},"end":{"line":45,"column":8}},{"start":{"line":45,"column":8},"end":{"line":45,"column":8}}]}},"code":["/* istanbul instrument in package npmtest_kareem */","/*jslint","    bitwise: true,","    browser: true,","    maxerr: 8,","    maxlen: 96,","    node: true,","    nomen: true,","    regexp: true,","    stupid: true","*/","(function () {","    'use strict';","    var local;","","","","    // run shared js-env code - pre-init","    (function () {","        // init local","        local = {};","        // init modeJs","        local.modeJs = (function () {","            try {","                return typeof navigator.userAgent === 'string' &&","                    typeof document.querySelector('body') === 'object' &&","                    typeof XMLHttpRequest.prototype.open === 'function' &&","                    'browser';","            } catch (errorCaughtBrowser) {","                return module.exports &&","                    typeof process.versions.node === 'string' &&","                    typeof require('http').createServer === 'function' &&","                    'node';","            }","        }());","        // init global","        local.global = local.modeJs === 'browser'","            ? window","            : global;","        // init utility2_rollup","        local = local.global.utility2_rollup || local;","        // init lib","        local.local = local.npmtest_kareem = local;","        // init exports","        if (local.modeJs === 'browser') {","            local.global.utility2_npmtest_kareem = local;","        } else {","            module.exports = local;","            module.exports.__dirname = __dirname;","            module.exports.module = module;","        }","    }());","}());",""],"l":{"12":2,"14":2,"19":2,"21":2,"23":2,"24":2,"25":2,"30":1,"37":2,"41":2,"43":2,"45":2,"46":1,"48":1,"49":1,"50":1}},"/home/travis/build/npmtest/node-npmtest-kareem/example.js":{"path":"/home/travis/build/npmtest/node-npmtest-kareem/example.js","s":{"1":2,"2":2,"3":2,"4":2,"5":2,"6":2,"7":2,"8":1,"9":2,"10":2,"11":2,"12":2,"13":1,"14":2,"15":2,"16":2,"17":2,"18":2,"19":0,"20":2,"21":1,"22":1,"23":1,"24":1,"25":1,"26":0,"27":0,"28":1,"29":1,"30":2,"31":0,"32":0,"33":0,"34":1,"35":2,"36":2,"37":3,"38":3,"39":3,"40":3,"41":0,"42":3,"43":3,"44":3,"45":1,"46":3,"47":1,"48":1,"49":1,"50":1,"51":1,"52":1,"53":1,"54":1,"55":1,"56":1,"57":0,"58":1,"59":6,"60":6,"61":1,"62":2,"63":0,"64":2,"65":1,"66":1,"67":0,"68":0,"69":0,"70":0,"71":0,"72":0,"73":0,"74":0,"75":0,"76":0,"77":0,"78":0,"79":0,"80":0,"81":0,"82":0,"83":0},"b":{"1":[2,1,1,1],"2":[1,1,1,1],"3":[1,1],"4":[2,2],"5":[1,1],"6":[1,1],"7":[2,0],"8":[2,1,1,1,1,1],"9":[0,2,0],"10":[1,1],"11":[2,1,1],"12":[1,0],"13":[0,2],"14":[2,0,0,0,0,0,0],"15":[0,3],"16":[3,0],"17":[1,1],"18":[0,1],"19":[1,2,0,2],"20":[1,0],"21":[1,1],"22":[0,0],"23":[0,0],"24":[0,0],"25":[0,0],"26":[0,0],"27":[0,0],"28":[0,0]},"f":{"1":2,"2":2,"3":2,"4":2,"5":2,"6":2,"7":3,"8":3,"9":3,"10":1,"11":6,"12":0},"fnMap":{"1":{"name":"(anonymous_1)","line":26,"loc":{"start":{"line":26,"column":1},"end":{"line":26,"column":13}}},"2":{"name":"(anonymous_2)","line":33,"loc":{"start":{"line":33,"column":5},"end":{"line":33,"column":17}}},"3":{"name":"(anonymous_3)","line":37,"loc":{"start":{"line":37,"column":24},"end":{"line":37,"column":36}}},"4":{"name":"(anonymous_4)","line":69,"loc":{"start":{"line":69,"column":31},"end":{"line":69,"column":48}},"skip":true},"5":{"name":"(anonymous_5)","line":78,"loc":{"start":{"line":78,"column":26},"end":{"line":78,"column":45}},"skip":true},"6":{"name":"(anonymous_6)","line":123,"loc":{"start":{"line":123,"column":33},"end":{"line":123,"column":48}},"skip":true},"7":{"name":"(anonymous_7)","line":125,"loc":{"start":{"line":125,"column":27},"end":{"line":125,"column":39}},"skip":true},"8":{"name":"(anonymous_8)","line":133,"loc":{"start":{"line":133,"column":59},"end":{"line":133,"column":74}},"skip":true},"9":{"name":"(anonymous_9)","line":143,"loc":{"start":{"line":143,"column":45},"end":{"line":143,"column":62}},"skip":true},"10":{"name":"(anonymous_10)","line":144,"loc":{"start":{"line":144,"column":73},"end":{"line":144,"column":92}},"skip":true},"11":{"name":"(anonymous_11)","line":272,"loc":{"start":{"line":272,"column":51},"end":{"line":272,"column":77}},"skip":true},"12":{"name":"(anonymous_12)","line":315,"loc":{"start":{"line":315,"column":32},"end":{"line":315,"column":61}},"skip":true}},"statementMap":{"1":{"start":{"line":26,"column":0},"end":{"line":326,"column":5}},"2":{"start":{"line":28,"column":4},"end":{"line":28,"column":14}},"3":{"start":{"line":33,"column":4},"end":{"line":60,"column":9}},"4":{"start":{"line":35,"column":8},"end":{"line":35,"column":19}},"5":{"start":{"line":37,"column":8},"end":{"line":49,"column":13}},"6":{"start":{"line":38,"column":12},"end":{"line":48,"column":13}},"7":{"start":{"line":39,"column":16},"end":{"line":42,"column":30}},"8":{"start":{"line":44,"column":16},"end":{"line":47,"column":27}},"9":{"start":{"line":51,"column":8},"end":{"line":53,"column":21}},"10":{"start":{"line":55,"column":8},"end":{"line":57,"column":45}},"11":{"start":{"line":59,"column":8},"end":{"line":59,"column":35}},"12":{"start":{"line":61,"column":4},"end":{"line":325,"column":5}},"13":{"start":{"line":69,"column":8},"end":{"line":121,"column":10},"skip":true},"14":{"start":{"line":70,"column":12},"end":{"line":88,"column":13},"skip":true},"15":{"start":{"line":76,"column":16},"end":{"line":87,"column":19},"skip":true},"16":{"start":{"line":79,"column":20},"end":{"line":86,"column":21},"skip":true},"17":{"start":{"line":82,"column":24},"end":{"line":82,"column":43},"skip":true},"18":{"start":{"line":83,"column":24},"end":{"line":83,"column":30},"skip":true},"19":{"start":{"line":85,"column":24},"end":{"line":85,"column":49},"skip":true},"20":{"start":{"line":89,"column":12},"end":{"line":107,"column":13},"skip":true},"21":{"start":{"line":92,"column":16},"end":{"line":102,"column":17},"skip":true},"22":{"start":{"line":93,"column":20},"end":{"line":93,"column":86},"skip":true},"23":{"start":{"line":94,"column":20},"end":{"line":95,"column":45},"skip":true},"24":{"start":{"line":96,"column":20},"end":{"line":96,"column":42},"skip":true},"25":{"start":{"line":97,"column":20},"end":{"line":97,"column":48},"skip":true},"26":{"start":{"line":100,"column":20},"end":{"line":100,"column":85},"skip":true},"27":{"start":{"line":101,"column":20},"end":{"line":101,"column":96},"skip":true},"28":{"start":{"line":103,"column":16},"end":{"line":103,"column":22},"skip":true},"29":{"start":{"line":106,"column":16},"end":{"line":106,"column":22},"skip":true},"30":{"start":{"line":108,"column":12},"end":{"line":120,"column":13},"skip":true},"31":{"start":{"line":114,"column":16},"end":{"line":119,"column":17},"skip":true},"32":{"start":{"line":116,"column":20},"end":{"line":116,"column":78},"skip":true},"33":{"start":{"line":118,"column":20},"end":{"line":118,"column":47},"skip":true},"34":{"start":{"line":123,"column":8},"end":{"line":141,"column":11},"skip":true},"35":{"start":{"line":124,"column":12},"end":{"line":124,"column":54},"skip":true},"36":{"start":{"line":125,"column":12},"end":{"line":140,"column":14},"skip":true},"37":{"start":{"line":126,"column":16},"end":{"line":126,"column":28},"skip":true},"38":{"start":{"line":127,"column":16},"end":{"line":127,"column":69},"skip":true},"39":{"start":{"line":128,"column":16},"end":{"line":128,"column":75},"skip":true},"40":{"start":{"line":129,"column":16},"end":{"line":131,"column":17},"skip":true},"41":{"start":{"line":130,"column":20},"end":{"line":130,"column":27},"skip":true},"42":{"start":{"line":133,"column":16},"end":{"line":137,"column":36},"skip":true},"43":{"start":{"line":134,"column":20},"end":{"line":136,"column":55},"skip":true},"44":{"start":{"line":139,"column":16},"end":{"line":139,"column":57},"skip":true},"45":{"start":{"line":143,"column":8},"end":{"line":147,"column":11},"skip":true},"46":{"start":{"line":144,"column":12},"end":{"line":146,"column":15},"skip":true},"47":{"start":{"line":145,"column":16},"end":{"line":145,"column":70},"skip":true},"48":{"start":{"line":149,"column":8},"end":{"line":149,"column":31},"skip":true},"49":{"start":{"line":150,"column":8},"end":{"line":150,"column":14},"skip":true},"50":{"start":{"line":158,"column":8},"end":{"line":158,"column":31},"skip":true},"51":{"start":{"line":160,"column":8},"end":{"line":160,"column":33},"skip":true},"52":{"start":{"line":161,"column":8},"end":{"line":161,"column":37},"skip":true},"53":{"start":{"line":162,"column":8},"end":{"line":162,"column":35},"skip":true},"54":{"start":{"line":164,"column":8},"end":{"line":164,"column":50},"skip":true},"55":{"start":{"line":166,"column":8},"end":{"line":256,"column":2},"skip":true},"56":{"start":{"line":258,"column":8},"end":{"line":286,"column":9},"skip":true},"57":{"start":{"line":259,"column":12},"end":{"line":269,"column":14},"skip":true},"58":{"start":{"line":271,"column":12},"end":{"line":285,"column":19},"skip":true},"59":{"start":{"line":274,"column":20},"end":{"line":274,"column":35},"skip":true},"60":{"start":{"line":275,"column":20},"end":{"line":284,"column":21},"skip":true},"61":{"start":{"line":277,"column":24},"end":{"line":277,"column":64},"skip":true},"62":{"start":{"line":279,"column":24},"end":{"line":279,"column":40},"skip":true},"63":{"start":{"line":281,"column":24},"end":{"line":281,"column":40},"skip":true},"64":{"start":{"line":283,"column":24},"end":{"line":283,"column":39},"skip":true},"65":{"start":{"line":288,"column":8},"end":{"line":290,"column":9},"skip":true},"66":{"start":{"line":289,"column":12},"end":{"line":289,"column":18},"skip":true},"67":{"start":{"line":291,"column":8},"end":{"line":293,"column":54},"skip":true},"68":{"start":{"line":296,"column":8},"end":{"line":301,"column":37},"skip":true},"69":{"start":{"line":303,"column":8},"end":{"line":303,"column":82},"skip":true},"70":{"start":{"line":306,"column":8},"end":{"line":308,"column":9},"skip":true},"71":{"start":{"line":307,"column":12},"end":{"line":307,"column":82},"skip":true},"72":{"start":{"line":310,"column":8},"end":{"line":312,"column":9},"skip":true},"73":{"start":{"line":311,"column":12},"end":{"line":311,"column":18},"skip":true},"74":{"start":{"line":313,"column":8},"end":{"line":313,"column":54},"skip":true},"75":{"start":{"line":314,"column":8},"end":{"line":314,"column":69},"skip":true},"76":{"start":{"line":315,"column":8},"end":{"line":323,"column":36},"skip":true},"77":{"start":{"line":316,"column":12},"end":{"line":316,"column":61},"skip":true},"78":{"start":{"line":317,"column":12},"end":{"line":320,"column":13},"skip":true},"79":{"start":{"line":318,"column":16},"end":{"line":318,"column":75},"skip":true},"80":{"start":{"line":319,"column":16},"end":{"line":319,"column":23},"skip":true},"81":{"start":{"line":321,"column":12},"end":{"line":321,"column":38},"skip":true},"82":{"start":{"line":322,"column":12},"end":{"line":322,"column":27},"skip":true},"83":{"start":{"line":324,"column":8},"end":{"line":324,"column":14},"skip":true}},"branchMap":{"1":{"line":39,"type":"binary-expr","locations":[{"start":{"line":39,"column":23},"end":{"line":39,"column":62}},{"start":{"line":40,"column":20},"end":{"line":40,"column":70}},{"start":{"line":41,"column":20},"end":{"line":41,"column":71}},{"start":{"line":42,"column":20},"end":{"line":42,"column":29}}]},"2":{"line":44,"type":"binary-expr","locations":[{"start":{"line":44,"column":23},"end":{"line":44,"column":37}},{"start":{"line":45,"column":20},"end":{"line":45,"column":61}},{"start":{"line":46,"column":20},"end":{"line":46,"column":70}},{"start":{"line":47,"column":20},"end":{"line":47,"column":26}}]},"3":{"line":51,"type":"cond-expr","locations":[{"start":{"line":52,"column":14},"end":{"line":52,"column":20}},{"start":{"line":53,"column":14},"end":{"line":53,"column":20}}]},"4":{"line":55,"type":"binary-expr","locations":[{"start":{"line":55,"column":16},"end":{"line":55,"column":44}},{"start":{"line":55,"column":49},"end":{"line":57,"column":43}}]},"5":{"line":55,"type":"cond-expr","locations":[{"start":{"line":56,"column":14},"end":{"line":56,"column":50}},{"start":{"line":57,"column":14},"end":{"line":57,"column":43}}]},"6":{"line":61,"type":"switch","locations":[{"start":{"line":68,"column":4},"end":{"line":150,"column":14},"skip":true},{"start":{"line":156,"column":4},"end":{"line":324,"column":14},"skip":true}]},"7":{"line":70,"type":"if","locations":[{"start":{"line":70,"column":12},"end":{"line":70,"column":12},"skip":true},{"start":{"line":70,"column":12},"end":{"line":70,"column":12},"skip":true}]},"8":{"line":70,"type":"binary-expr","locations":[{"start":{"line":70,"column":16},"end":{"line":70,"column":22},"skip":true},{"start":{"line":70,"column":27},"end":{"line":70,"column":32},"skip":true},{"start":{"line":71,"column":20},"end":{"line":71,"column":39},"skip":true},{"start":{"line":72,"column":20},"end":{"line":72,"column":49},"skip":true},{"start":{"line":73,"column":20},"end":{"line":73,"column":58},"skip":true},{"start":{"line":74,"column":20},"end":{"line":74,"column":69},"skip":true}]},"9":{"line":79,"type":"switch","locations":[{"start":{"line":80,"column":20},"end":{"line":80,"column":33},"skip":true},{"start":{"line":81,"column":20},"end":{"line":83,"column":30},"skip":true},{"start":{"line":84,"column":20},"end":{"line":85,"column":49},"skip":true}]},"10":{"line":89,"type":"switch","locations":[{"start":{"line":90,"column":12},"end":{"line":103,"column":22},"skip":true},{"start":{"line":105,"column":12},"end":{"line":106,"column":22},"skip":true}]},"11":{"line":89,"type":"binary-expr","locations":[{"start":{"line":89,"column":20},"end":{"line":89,"column":25},"skip":true},{"start":{"line":89,"column":29},"end":{"line":89,"column":48},"skip":true},{"start":{"line":89,"column":52},"end":{"line":89,"column":74},"skip":true}]},"12":{"line":92,"type":"if","locations":[{"start":{"line":92,"column":16},"end":{"line":92,"column":16},"skip":true},{"start":{"line":92,"column":16},"end":{"line":92,"column":16},"skip":true}]},"13":{"line":108,"type":"if","locations":[{"start":{"line":108,"column":12},"end":{"line":108,"column":12},"skip":true},{"start":{"line":108,"column":12},"end":{"line":108,"column":12},"skip":true}]},"14":{"line":108,"type":"binary-expr","locations":[{"start":{"line":108,"column":16},"end":{"line":108,"column":61},"skip":true},{"start":{"line":108,"column":66},"end":{"line":108,"column":72},"skip":true},{"start":{"line":108,"column":77},"end":{"line":108,"column":82},"skip":true},{"start":{"line":109,"column":20},"end":{"line":109,"column":39},"skip":true},{"start":{"line":110,"column":20},"end":{"line":110,"column":49},"skip":true},{"start":{"line":111,"column":20},"end":{"line":111,"column":58},"skip":true},{"start":{"line":112,"column":20},"end":{"line":112,"column":68},"skip":true}]},"15":{"line":129,"type":"if","locations":[{"start":{"line":129,"column":16},"end":{"line":129,"column":16},"skip":true},{"start":{"line":129,"column":16},"end":{"line":129,"column":16},"skip":true}]},"16":{"line":134,"type":"cond-expr","locations":[{"start":{"line":135,"column":26},"end":{"line":135,"column":29},"skip":true},{"start":{"line":136,"column":26},"end":{"line":136,"column":54},"skip":true}]},"17":{"line":164,"type":"binary-expr","locations":[{"start":{"line":164,"column":27},"end":{"line":164,"column":43},"skip":true},{"start":{"line":164,"column":47},"end":{"line":164,"column":49},"skip":true}]},"18":{"line":258,"type":"if","locations":[{"start":{"line":258,"column":8},"end":{"line":258,"column":8},"skip":true},{"start":{"line":258,"column":8},"end":{"line":258,"column":8},"skip":true}]},"19":{"line":275,"type":"switch","locations":[{"start":{"line":276,"column":20},"end":{"line":277,"column":64},"skip":true},{"start":{"line":278,"column":20},"end":{"line":279,"column":40},"skip":true},{"start":{"line":280,"column":20},"end":{"line":281,"column":40},"skip":true},{"start":{"line":282,"column":20},"end":{"line":283,"column":39},"skip":true}]},"20":{"line":288,"type":"if","locations":[{"start":{"line":288,"column":8},"end":{"line":288,"column":8},"skip":true},{"start":{"line":288,"column":8},"end":{"line":288,"column":8},"skip":true}]},"21":{"line":288,"type":"binary-expr","locations":[{"start":{"line":288,"column":12},"end":{"line":288,"column":40},"skip":true},{"start":{"line":288,"column":44},"end":{"line":288,"column":67},"skip":true}]},"22":{"line":292,"type":"binary-expr","locations":[{"start":{"line":292,"column":12},"end":{"line":292,"column":50},"skip":true},{"start":{"line":293,"column":12},"end":{"line":293,"column":53},"skip":true}]},"23":{"line":297,"type":"binary-expr","locations":[{"start":{"line":297,"column":12},"end":{"line":297,"column":64},"skip":true},{"start":{"line":298,"column":12},"end":{"line":301,"column":36},"skip":true}]},"24":{"line":303,"type":"binary-expr","locations":[{"start":{"line":303,"column":43},"end":{"line":303,"column":75},"skip":true},{"start":{"line":303,"column":79},"end":{"line":303,"column":81},"skip":true}]},"25":{"line":306,"type":"if","locations":[{"start":{"line":306,"column":8},"end":{"line":306,"column":8},"skip":true},{"start":{"line":306,"column":8},"end":{"line":306,"column":8},"skip":true}]},"26":{"line":310,"type":"if","locations":[{"start":{"line":310,"column":8},"end":{"line":310,"column":8},"skip":true},{"start":{"line":310,"column":8},"end":{"line":310,"column":8},"skip":true}]},"27":{"line":313,"type":"binary-expr","locations":[{"start":{"line":313,"column":27},"end":{"line":313,"column":43},"skip":true},{"start":{"line":313,"column":47},"end":{"line":313,"column":53},"skip":true}]},"28":{"line":317,"type":"if","locations":[{"start":{"line":317,"column":12},"end":{"line":317,"column":12},"skip":true},{"start":{"line":317,"column":12},"end":{"line":317,"column":12},"skip":true}]}},"code":["/*","example.js","","quickstart example","","instruction","    1. save this script as example.js","    2. run the shell command:","        $ npm install npmtest-kareem && PORT=8081 node example.js","    3. play with the browser-demo on http://127.0.0.1:8081","*/","","","","/* istanbul instrument in package npmtest_kareem */","/*jslint","    bitwise: true,","    browser: true,","    maxerr: 8,","    maxlen: 96,","    node: true,","    nomen: true,","    regexp: true,","    stupid: true","*/","(function () {","    'use strict';","    var local;","","","","    // run shared js-env code - pre-init","    (function () {","        // init local","        local = {};","        // init modeJs","        local.modeJs = (function () {","            try {","                return typeof navigator.userAgent === 'string' &&","                    typeof document.querySelector('body') === 'object' &&","                    typeof XMLHttpRequest.prototype.open === 'function' &&","                    'browser';","            } catch (errorCaughtBrowser) {","                return module.exports &&","                    typeof process.versions.node === 'string' &&","                    typeof require('http').createServer === 'function' &&","                    'node';","            }","        }());","        // init global","        local.global = local.modeJs === 'browser'","            ? window","            : global;","        // init utility2_rollup","        local = local.global.utility2_rollup || (local.modeJs === 'browser'","            ? local.global.utility2_npmtest_kareem","            : global.utility2_moduleExports);","        // export local","        local.global.local = local;","    }());","    switch (local.modeJs) {","","","","    // post-init","    // run browser js-env code - post-init","    /* istanbul ignore next */","    case 'browser':","        local.testRunBrowser = function (event) {","            if (!event || (event &&","                    event.currentTarget &&","                    event.currentTarget.className &&","                    event.currentTarget.className.includes &&","                    event.currentTarget.className.includes('onreset'))) {","                // reset output","                Array.from(","                    document.querySelectorAll('body > .resettable')","                ).forEach(function (element) {","                    switch (element.tagName) {","                    case 'INPUT':","                    case 'TEXTAREA':","                        element.value = '';","                        break;","                    default:","                        element.textContent = '';","                    }","                });","            }","            switch (event && event.currentTarget && event.currentTarget.id) {","            case 'testRunButton1':","                // show tests","                if (document.querySelector('#testReportDiv1').style.display === 'none') {","                    document.querySelector('#testReportDiv1').style.display = 'block';","                    document.querySelector('#testRunButton1').textContent =","                        'hide internal test';","                    local.modeTest = true;","                    local.testRunDefault(local);","                // hide tests","                } else {","                    document.querySelector('#testReportDiv1').style.display = 'none';","                    document.querySelector('#testRunButton1').textContent = 'run internal test';","                }","                break;","            // custom-case","            default:","                break;","            }","            if (document.querySelector('#inputTextareaEval1') && (!event || (event &&","                    event.currentTarget &&","                    event.currentTarget.className &&","                    event.currentTarget.className.includes &&","                    event.currentTarget.className.includes('oneval')))) {","                // try to eval input-code","                try {","                    /*jslint evil: true*/","                    eval(document.querySelector('#inputTextareaEval1').value);","                } catch (errorCaught) {","                    console.error(errorCaught);","                }","            }","        };","        // log stderr and stdout to #outputTextareaStdout1","        ['error', 'log'].forEach(function (key) {","            console[key + '_original'] = console[key];","            console[key] = function () {","                var element;","                console[key + '_original'].apply(console, arguments);","                element = document.querySelector('#outputTextareaStdout1');","                if (!element) {","                    return;","                }","                // append text to #outputTextareaStdout1","                element.value += Array.from(arguments).map(function (arg) {","                    return typeof arg === 'string'","                        ? arg","                        : JSON.stringify(arg, null, 4);","                }).join(' ') + '\\n';","                // scroll textarea to bottom","                element.scrollTop = element.scrollHeight;","            };","        });","        // init event-handling","        ['change', 'click', 'keyup'].forEach(function (event) {","            Array.from(document.querySelectorAll('.on' + event)).forEach(function (element) {","                element.addEventListener(event, local.testRunBrowser);","            });","        });","        // run tests","        local.testRunBrowser();","        break;","","","","    // run node js-env code - post-init","    /* istanbul ignore next */","    case 'node':","        // export local","        module.exports = local;","        // require modules","        local.fs = require('fs');","        local.http = require('http');","        local.url = require('url');","        // init assets","        local.assetsDict = local.assetsDict || {};","        /* jslint-ignore-begin */","        local.assetsDict['/assets.index.template.html'] = '\\","<!doctype html>\\n\\","<html lang=\"en\">\\n\\","<head>\\n\\","<meta charset=\"UTF-8\">\\n\\","<meta name=\"viewport\" content=\"width=device-width, initial-scale=1\">\\n\\","<title>{{env.npm_package_name}} (v{{env.npm_package_version}})</title>\\n\\","<style>\\n\\","/*csslint\\n\\","    box-sizing: false,\\n\\","    universal-selector: false\\n\\","*/\\n\\","* {\\n\\","    box-sizing: border-box;\\n\\","}\\n\\","body {\\n\\","    background: #dde;\\n\\","    font-family: Arial, Helvetica, sans-serif;\\n\\","    margin: 2rem;\\n\\","}\\n\\","body > * {\\n\\","    margin-bottom: 1rem;\\n\\","}\\n\\",".utility2FooterDiv {\\n\\","    margin-top: 20px;\\n\\","    text-align: center;\\n\\","}\\n\\","</style>\\n\\","<style>\\n\\","/*csslint\\n\\","*/\\n\\","textarea {\\n\\","    font-family: monospace;\\n\\","    height: 10rem;\\n\\","    width: 100%;\\n\\","}\\n\\","textarea[readonly] {\\n\\","    background: #ddd;\\n\\","}\\n\\","</style>\\n\\","</head>\\n\\","<body>\\n\\","<!-- utility2-comment\\n\\","<div id=\"ajaxProgressDiv1\" style=\"background: #d00; height: 2px; left: 0; margin: 0; padding: 0; position: fixed; top: 0; transition: background 0.5s, width 1.5s; width: 25%;\"></div>\\n\\","utility2-comment -->\\n\\","<h1>\\n\\","<!-- utility2-comment\\n\\","    <a\\n\\","        {{#if env.npm_package_homepage}}\\n\\","        href=\"{{env.npm_package_homepage}}\"\\n\\","        {{/if env.npm_package_homepage}}\\n\\","        target=\"_blank\"\\n\\","    >\\n\\","utility2-comment -->\\n\\","        {{env.npm_package_name}} (v{{env.npm_package_version}})\\n\\","<!-- utility2-comment\\n\\","    </a>\\n\\","utility2-comment -->\\n\\","</h1>\\n\\","<h3>{{env.npm_package_description}}</h3>\\n\\","<!-- utility2-comment\\n\\","<h4><a download href=\"assets.app.js\">download standalone app</a></h4>\\n\\","<button class=\"onclick onreset\" id=\"testRunButton1\">run internal test</button><br>\\n\\","<div id=\"testReportDiv1\" style=\"display: none;\"></div>\\n\\","utility2-comment -->\\n\\","\\n\\","\\n\\","\\n\\","<label>stderr and stdout</label>\\n\\","<textarea class=\"resettable\" id=\"outputTextareaStdout1\" readonly></textarea>\\n\\","<!-- utility2-comment\\n\\","{{#if isRollup}}\\n\\","<script src=\"assets.app.js\"></script>\\n\\","{{#unless isRollup}}\\n\\","utility2-comment -->\\n\\","<script src=\"assets.utility2.rollup.js\"></script>\\n\\","<script src=\"jsonp.utility2._stateInit?callback=window.utility2._stateInit\"></script>\\n\\","<script src=\"assets.npmtest_kareem.rollup.js\"></script>\\n\\","<script src=\"assets.example.js\"></script>\\n\\","<script src=\"assets.test.js\"></script>\\n\\","<!-- utility2-comment\\n\\","{{/if isRollup}}\\n\\","utility2-comment -->\\n\\","<div class=\"utility2FooterDiv\">\\n\\","    [ this app was created with\\n\\","    <a href=\"https://github.com/kaizhu256/node-utility2\" target=\"_blank\">utility2</a>\\n\\","    ]\\n\\","</div>\\n\\","</body>\\n\\","</html>\\n\\","';","        /* jslint-ignore-end */","        if (local.templateRender) {","            local.assetsDict['/'] = local.templateRender(","                local.assetsDict['/assets.index.template.html'],","                {","                    env: local.objectSetDefault(local.env, {","                        npm_package_description: 'the greatest app in the world!',","                        npm_package_name: 'my-app',","                        npm_package_nameAlias: 'my_app',","                        npm_package_version: '0.0.1'","                    })","                }","            );","        } else {","            local.assetsDict['/'] = local.assetsDict['/assets.index.template.html']","                .replace((/\\{\\{env\\.(\\w+?)\\}\\}/g), function (match0, match1) {","                    // jslint-hack","                    String(match0);","                    switch (match1) {","                    case 'npm_package_description':","                        return 'the greatest app in the world!';","                    case 'npm_package_name':","                        return 'my-app';","                    case 'npm_package_nameAlias':","                        return 'my_app';","                    case 'npm_package_version':","                        return '0.0.1';","                    }","                });","        }","        // run the cli","        if (local.global.utility2_rollup || module !== require.main) {","            break;","        }","        local.assetsDict['/assets.example.js'] =","            local.assetsDict['/assets.example.js'] ||","            local.fs.readFileSync(__filename, 'utf8');","        // bug-workaround - long $npm_package_buildCustomOrg","        /* jslint-ignore-begin */","        local.assetsDict['/assets.npmtest_kareem.rollup.js'] =","            local.assetsDict['/assets.npmtest_kareem.rollup.js'] ||","            local.fs.readFileSync(","                local.npmtest_kareem.__dirname + '/lib.npmtest_kareem.js',","                'utf8'","            ).replace((/^#!/), '//');","        /* jslint-ignore-end */","        local.assetsDict['/favicon.ico'] = local.assetsDict['/favicon.ico'] || '';","        // if $npm_config_timeout_exit exists,","        // then exit this process after $npm_config_timeout_exit ms","        if (Number(process.env.npm_config_timeout_exit)) {","            setTimeout(process.exit, Number(process.env.npm_config_timeout_exit));","        }","        // start server","        if (local.global.utility2_serverHttp1) {","            break;","        }","        process.env.PORT = process.env.PORT || '8081';","        console.error('server starting on port ' + process.env.PORT);","        local.http.createServer(function (request, response) {","            request.urlParsed = local.url.parse(request.url);","            if (local.assetsDict[request.urlParsed.pathname] !== undefined) {","                response.end(local.assetsDict[request.urlParsed.pathname]);","                return;","            }","            response.statusCode = 404;","            response.end();","        }).listen(process.env.PORT);","        break;","    }","}());",""],"l":{"26":2,"28":2,"33":2,"35":2,"37":2,"38":2,"39":2,"44":1,"51":2,"55":2,"59":2,"61":2,"69":1,"70":2,"76":2,"79":2,"82":2,"83":2,"85":1,"89":2,"92":1,"93":1,"94":1,"96":1,"97":1,"100":1,"101":1,"103":1,"106":1,"108":2,"114":1,"116":1,"118":1,"123":1,"124":2,"125":2,"126":3,"127":3,"128":3,"129":3,"130":1,"133":3,"134":3,"139":3,"143":1,"144":3,"145":1,"149":1,"150":1,"158":1,"160":1,"161":1,"162":1,"164":1,"166":1,"258":1,"259":1,"271":1,"274":6,"275":6,"277":1,"279":2,"281":1,"283":2,"288":1,"289":1,"291":1,"296":1,"303":1,"306":1,"307":1,"310":1,"311":1,"313":1,"314":1,"315":1,"316":1,"317":1,"318":1,"319":1,"321":1,"322":1,"324":1}},"/home/travis/build/npmtest/node-npmtest-kareem/node_modules/kareem/index.js":{"path":"/home/travis/build/npmtest/node-npmtest-kareem/node_modules/kareem/index.js","s":{"1":1,"2":0,"3":0,"4":1,"5":0,"6":0,"7":0,"8":0,"9":0,"10":0,"11":0,"12":0,"13":0,"14":0,"15":0,"16":0,"17":0,"18":0,"19":0,"20":0,"21":0,"22":0,"23":0,"24":0,"25":0,"26":0,"27":0,"28":0,"29":0,"30":0,"31":0,"32":0,"33":0,"34":0,"35":0,"36":0,"37":0,"38":0,"39":0,"40":0,"41":0,"42":0,"43":0,"44":0,"45":0,"46":0,"47":0,"48":0,"49":0,"50":0,"51":0,"52":0,"53":0,"54":0,"55":0,"56":0,"57":0,"58":0,"59":0,"60":0,"61":0,"62":1,"63":0,"64":0,"65":0,"66":0,"67":1,"68":0,"69":0,"70":0,"71":0,"72":0,"73":0,"74":0,"75":0,"76":0,"77":0,"78":0,"79":0,"80":0,"81":0,"82":0,"83":0,"84":0,"85":0,"86":0,"87":0,"88":0,"89":0,"90":0,"91":0,"92":0,"93":0,"94":0,"95":0,"96":0,"97":0,"98":0,"99":0,"100":0,"101":0,"102":0,"103":0,"104":0,"105":0,"106":0,"107":0,"108":0,"109":0,"110":0,"111":0,"112":0,"113":0,"114":0,"115":0,"116":0,"117":1,"118":0,"119":0,"120":0,"121":0,"122":1,"123":0,"124":0,"125":0,"126":0,"127":0,"128":0,"129":0,"130":0,"131":0,"132":1,"133":0,"134":0,"135":0,"136":0,"137":0,"138":0,"139":0,"140":0,"141":0,"142":0,"143":0,"144":0,"145":0,"146":0,"147":0,"148":0,"149":0,"150":0,"151":0,"152":0,"153":0,"154":0,"155":0,"156":0,"157":0,"158":0,"159":0,"160":1,"161":0,"162":0,"163":0,"164":0,"165":1,"166":0,"167":0,"168":0,"169":0,"170":0,"171":0,"172":0,"173":0,"174":0,"175":0,"176":0,"177":1,"178":0,"179":0,"180":1,"181":0,"182":0,"183":0,"184":0,"185":0,"186":0,"187":0,"188":0,"189":0,"190":0,"191":1,"192":0,"193":0,"194":0,"195":0,"196":0,"197":0,"198":0,"199":0,"200":0,"201":0,"202":1},"b":{"1":[0,0],"2":[0,0],"3":[0,0],"4":[0,0],"5":[0,0],"6":[0,0],"7":[0,0],"8":[0,0],"9":[0,0],"10":[0,0],"11":[0,0],"12":[0,0],"13":[0,0],"14":[0,0],"15":[0,0],"16":[0,0],"17":[0,0],"18":[0,0],"19":[0,0],"20":[0,0],"21":[0,0],"22":[0,0],"23":[0,0],"24":[0,0],"25":[0,0],"26":[0,0],"27":[0,0],"28":[0,0],"29":[0,0],"30":[0,0],"31":[0,0],"32":[0,0],"33":[0,0],"34":[0,0],"35":[0,0],"36":[0,0],"37":[0,0],"38":[0,0],"39":[0,0],"40":[0,0],"41":[0,0],"42":[0,0],"43":[0,0],"44":[0,0],"45":[0,0],"46":[0,0],"47":[0,0],"48":[0,0],"49":[0,0],"50":[0,0],"51":[0,0],"52":[0,0],"53":[0,0],"54":[0,0],"55":[0,0],"56":[0,0],"57":[0,0],"58":[0,0],"59":[0,0],"60":[0,0],"61":[0,0],"62":[0,0],"63":[0,0],"64":[0,0],"65":[0,0],"66":[0,0],"67":[0,0],"68":[0,0],"69":[0,0],"70":[0,0],"71":[0,0],"72":[0,0]},"f":{"1":0,"2":0,"3":0,"4":0,"5":0,"6":0,"7":0,"8":0,"9":0,"10":0,"11":0,"12":0,"13":0,"14":0,"15":0,"16":0,"17":0,"18":0,"19":0,"20":0,"21":0,"22":0,"23":0,"24":0,"25":0,"26":0,"27":0},"fnMap":{"1":{"name":"Kareem","line":3,"loc":{"start":{"line":3,"column":0},"end":{"line":3,"column":18}}},"2":{"name":"(anonymous_2)","line":8,"loc":{"start":{"line":8,"column":27},"end":{"line":8,"column":67}}},"3":{"name":"(anonymous_3)","line":22,"loc":{"start":{"line":22,"column":28},"end":{"line":22,"column":39}}},"4":{"name":"(anonymous_4)","line":27,"loc":{"start":{"line":27,"column":13},"end":{"line":27,"column":24}}},"5":{"name":"(anonymous_5)","line":36,"loc":{"start":{"line":36,"column":8},"end":{"line":36,"column":24}}},"6":{"name":"(anonymous_6)","line":48,"loc":{"start":{"line":48,"column":8},"end":{"line":48,"column":24}}},"7":{"name":"(anonymous_7)","line":62,"loc":{"start":{"line":62,"column":18},"end":{"line":62,"column":34}}},"8":{"name":"(anonymous_8)","line":94,"loc":{"start":{"line":94,"column":34},"end":{"line":94,"column":45}}},"9":{"name":"(anonymous_9)","line":106,"loc":{"start":{"line":106,"column":31},"end":{"line":106,"column":55}}},"10":{"name":"(anonymous_10)","line":115,"loc":{"start":{"line":115,"column":28},"end":{"line":115,"column":77}}},"11":{"name":"(anonymous_11)","line":130,"loc":{"start":{"line":130,"column":28},"end":{"line":130,"column":39}}},"12":{"name":"(anonymous_12)","line":135,"loc":{"start":{"line":135,"column":13},"end":{"line":135,"column":24}}},"13":{"name":"(anonymous_13)","line":149,"loc":{"start":{"line":149,"column":64},"end":{"line":149,"column":80}}},"14":{"name":"(anonymous_14)","line":173,"loc":{"start":{"line":173,"column":43},"end":{"line":173,"column":59}}},"15":{"name":"(anonymous_15)","line":200,"loc":{"start":{"line":200,"column":32},"end":{"line":200,"column":56}}},"16":{"name":"_handleWrapError","line":209,"loc":{"start":{"line":209,"column":0},"end":{"line":209,"column":83}}},"17":{"name":"(anonymous_17)","line":219,"loc":{"start":{"line":219,"column":63},"end":{"line":219,"column":79}}},"18":{"name":"(anonymous_18)","line":229,"loc":{"start":{"line":229,"column":24},"end":{"line":229,"column":67}}},"19":{"name":"(anonymous_19)","line":244,"loc":{"start":{"line":244,"column":36},"end":{"line":244,"column":52}}},"20":{"name":"(anonymous_20)","line":257,"loc":{"start":{"line":257,"column":48},"end":{"line":257,"column":59}}},"21":{"name":"(anonymous_21)","line":269,"loc":{"start":{"line":269,"column":56},"end":{"line":269,"column":67}}},"22":{"name":"(anonymous_22)","line":285,"loc":{"start":{"line":285,"column":33},"end":{"line":285,"column":70}}},"23":{"name":"(anonymous_23)","line":287,"loc":{"start":{"line":287,"column":9},"end":{"line":287,"column":20}}},"24":{"name":"(anonymous_24)","line":293,"loc":{"start":{"line":293,"column":23},"end":{"line":293,"column":58}}},"25":{"name":"(anonymous_25)","line":313,"loc":{"start":{"line":313,"column":24},"end":{"line":313,"column":43}}},"26":{"name":"(anonymous_26)","line":318,"loc":{"start":{"line":318,"column":25},"end":{"line":318,"column":36}}},"27":{"name":"(anonymous_27)","line":336,"loc":{"start":{"line":336,"column":25},"end":{"line":336,"column":41}}}},"statementMap":{"1":{"start":{"line":3,"column":0},"end":{"line":6,"column":1}},"2":{"start":{"line":4,"column":2},"end":{"line":4,"column":18}},"3":{"start":{"line":5,"column":2},"end":{"line":5,"column":19}},"4":{"start":{"line":8,"column":0},"end":{"line":104,"column":2}},"5":{"start":{"line":9,"column":2},"end":{"line":12,"column":3}},"6":{"start":{"line":10,"column":4},"end":{"line":10,"column":20}},"7":{"start":{"line":11,"column":4},"end":{"line":11,"column":14}},"8":{"start":{"line":13,"column":2},"end":{"line":13,"column":36}},"9":{"start":{"line":14,"column":2},"end":{"line":14,"column":28}},"10":{"start":{"line":15,"column":2},"end":{"line":15,"column":40}},"11":{"start":{"line":16,"column":2},"end":{"line":16,"column":21}},"12":{"start":{"line":17,"column":2},"end":{"line":17,"column":35}},"13":{"start":{"line":18,"column":2},"end":{"line":18,"column":19}},"14":{"start":{"line":19,"column":2},"end":{"line":19,"column":19}},"15":{"start":{"line":21,"column":2},"end":{"line":25,"column":3}},"16":{"start":{"line":22,"column":4},"end":{"line":24,"column":7}},"17":{"start":{"line":23,"column":6},"end":{"line":23,"column":21}},"18":{"start":{"line":27,"column":2},"end":{"line":101,"column":4}},"19":{"start":{"line":28,"column":4},"end":{"line":30,"column":5}},"20":{"start":{"line":29,"column":6},"end":{"line":29,"column":13}},"21":{"start":{"line":31,"column":4},"end":{"line":31,"column":31}},"22":{"start":{"line":33,"column":4},"end":{"line":100,"column":5}},"23":{"start":{"line":34,"column":6},"end":{"line":60,"column":11}},"24":{"start":{"line":37,"column":10},"end":{"line":43,"column":11}},"25":{"start":{"line":38,"column":12},"end":{"line":40,"column":13}},"26":{"start":{"line":39,"column":14},"end":{"line":39,"column":21}},"27":{"start":{"line":41,"column":12},"end":{"line":41,"column":24}},"28":{"start":{"line":42,"column":12},"end":{"line":42,"column":35}},"29":{"start":{"line":45,"column":10},"end":{"line":45,"column":23}},"30":{"start":{"line":46,"column":10},"end":{"line":46,"column":41}},"31":{"start":{"line":49,"column":10},"end":{"line":55,"column":11}},"32":{"start":{"line":50,"column":12},"end":{"line":52,"column":13}},"33":{"start":{"line":51,"column":14},"end":{"line":51,"column":21}},"34":{"start":{"line":53,"column":12},"end":{"line":53,"column":24}},"35":{"start":{"line":54,"column":12},"end":{"line":54,"column":35}},"36":{"start":{"line":57,"column":10},"end":{"line":59,"column":11}},"37":{"start":{"line":58,"column":12},"end":{"line":58,"column":34}},"38":{"start":{"line":61,"column":11},"end":{"line":100,"column":5}},"39":{"start":{"line":62,"column":6},"end":{"line":81,"column":9}},"40":{"start":{"line":63,"column":8},"end":{"line":69,"column":9}},"41":{"start":{"line":64,"column":10},"end":{"line":66,"column":11}},"42":{"start":{"line":65,"column":12},"end":{"line":65,"column":19}},"43":{"start":{"line":67,"column":10},"end":{"line":67,"column":22}},"44":{"start":{"line":68,"column":10},"end":{"line":68,"column":33}},"45":{"start":{"line":71,"column":8},"end":{"line":78,"column":9}},"46":{"start":{"line":72,"column":10},"end":{"line":77,"column":11}},"47":{"start":{"line":74,"column":12},"end":{"line":74,"column":19}},"48":{"start":{"line":76,"column":12},"end":{"line":76,"column":34}},"49":{"start":{"line":80,"column":8},"end":{"line":80,"column":39}},"50":{"start":{"line":82,"column":6},"end":{"line":82,"column":75}},"51":{"start":{"line":83,"column":6},"end":{"line":85,"column":7}},"52":{"start":{"line":84,"column":8},"end":{"line":84,"column":28}},"53":{"start":{"line":86,"column":6},"end":{"line":86,"column":34}},"54":{"start":{"line":88,"column":6},"end":{"line":88,"column":27}},"55":{"start":{"line":89,"column":6},"end":{"line":98,"column":7}},"56":{"start":{"line":90,"column":8},"end":{"line":97,"column":9}},"57":{"start":{"line":92,"column":10},"end":{"line":92,"column":17}},"58":{"start":{"line":94,"column":10},"end":{"line":96,"column":13}},"59":{"start":{"line":95,"column":12},"end":{"line":95,"column":27}},"60":{"start":{"line":99,"column":6},"end":{"line":99,"column":13}},"61":{"start":{"line":103,"column":2},"end":{"line":103,"column":40}},"62":{"start":{"line":106,"column":0},"end":{"line":113,"column":2}},"63":{"start":{"line":107,"column":2},"end":{"line":107,"column":36}},"64":{"start":{"line":108,"column":2},"end":{"line":108,"column":28}},"65":{"start":{"line":110,"column":2},"end":{"line":112,"column":3}},"66":{"start":{"line":111,"column":4},"end":{"line":111,"column":29}},"67":{"start":{"line":115,"column":0},"end":{"line":198,"column":2}},"68":{"start":{"line":116,"column":2},"end":{"line":119,"column":3}},"69":{"start":{"line":117,"column":4},"end":{"line":117,"column":23}},"70":{"start":{"line":118,"column":4},"end":{"line":118,"column":19}},"71":{"start":{"line":120,"column":2},"end":{"line":120,"column":38}},"72":{"start":{"line":121,"column":2},"end":{"line":121,"column":30}},"73":{"start":{"line":122,"column":2},"end":{"line":122,"column":22}},"74":{"start":{"line":124,"column":2},"end":{"line":124,"column":24}},"75":{"start":{"line":125,"column":2},"end":{"line":127,"column":3}},"76":{"start":{"line":126,"column":4},"end":{"line":126,"column":31}},"77":{"start":{"line":129,"column":2},"end":{"line":133,"column":3}},"78":{"start":{"line":130,"column":4},"end":{"line":132,"column":7}},"79":{"start":{"line":131,"column":6},"end":{"line":131,"column":54}},"80":{"start":{"line":135,"column":2},"end":{"line":195,"column":4}},"81":{"start":{"line":136,"column":4},"end":{"line":136,"column":34}},"82":{"start":{"line":137,"column":4},"end":{"line":137,"column":20}},"83":{"start":{"line":138,"column":4},"end":{"line":138,"column":32}},"84":{"start":{"line":139,"column":4},"end":{"line":139,"column":21}},"85":{"start":{"line":140,"column":4},"end":{"line":145,"column":5}},"86":{"start":{"line":141,"column":6},"end":{"line":141,"column":58}},"87":{"start":{"line":142,"column":6},"end":{"line":144,"column":7}},"88":{"start":{"line":143,"column":8},"end":{"line":143,"column":30}},"89":{"start":{"line":147,"column":4},"end":{"line":194,"column":5}},"90":{"start":{"line":148,"column":6},"end":{"line":163,"column":7}},"91":{"start":{"line":149,"column":8},"end":{"line":157,"column":12}},"92":{"start":{"line":150,"column":10},"end":{"line":152,"column":11}},"93":{"start":{"line":151,"column":12},"end":{"line":151,"column":31}},"94":{"start":{"line":153,"column":10},"end":{"line":155,"column":11}},"95":{"start":{"line":154,"column":12},"end":{"line":154,"column":51}},"96":{"start":{"line":156,"column":10},"end":{"line":156,"column":17}},"97":{"start":{"line":159,"column":8},"end":{"line":161,"column":9}},"98":{"start":{"line":160,"column":10},"end":{"line":160,"column":49}},"99":{"start":{"line":162,"column":8},"end":{"line":162,"column":15}},"100":{"start":{"line":165,"column":6},"end":{"line":171,"column":7}},"101":{"start":{"line":167,"column":8},"end":{"line":169,"column":9}},"102":{"start":{"line":168,"column":10},"end":{"line":168,"column":59}},"103":{"start":{"line":170,"column":8},"end":{"line":170,"column":22}},"104":{"start":{"line":172,"column":6},"end":{"line":193,"column":7}},"105":{"start":{"line":173,"column":8},"end":{"line":184,"column":12}},"106":{"start":{"line":174,"column":10},"end":{"line":177,"column":11}},"107":{"start":{"line":175,"column":12},"end":{"line":175,"column":31}},"108":{"start":{"line":176,"column":12},"end":{"line":176,"column":26}},"109":{"start":{"line":179,"column":10},"end":{"line":181,"column":11}},"110":{"start":{"line":180,"column":12},"end":{"line":180,"column":61}},"111":{"start":{"line":183,"column":10},"end":{"line":183,"column":17}},"112":{"start":{"line":186,"column":8},"end":{"line":186,"column":37}},"113":{"start":{"line":188,"column":8},"end":{"line":190,"column":9}},"114":{"start":{"line":189,"column":10},"end":{"line":189,"column":59}},"115":{"start":{"line":192,"column":8},"end":{"line":192,"column":15}},"116":{"start":{"line":197,"column":2},"end":{"line":197,"column":9}},"117":{"start":{"line":200,"column":0},"end":{"line":207,"column":2}},"118":{"start":{"line":201,"column":2},"end":{"line":201,"column":38}},"119":{"start":{"line":202,"column":2},"end":{"line":202,"column":30}},"120":{"start":{"line":204,"column":2},"end":{"line":206,"column":3}},"121":{"start":{"line":205,"column":4},"end":{"line":205,"column":27}},"122":{"start":{"line":209,"column":0},"end":{"line":227,"column":1}},"123":{"start":{"line":210,"column":2},"end":{"line":226,"column":3}},"124":{"start":{"line":211,"column":4},"end":{"line":211,"column":36}},"125":{"start":{"line":212,"column":4},"end":{"line":212,"column":21}},"126":{"start":{"line":214,"column":4},"end":{"line":218,"column":5}},"127":{"start":{"line":215,"column":6},"end":{"line":217,"column":7}},"128":{"start":{"line":216,"column":8},"end":{"line":216,"column":33}},"129":{"start":{"line":219,"column":4},"end":{"line":221,"column":7}},"130":{"start":{"line":220,"column":6},"end":{"line":220,"column":63}},"131":{"start":{"line":223,"column":4},"end":{"line":225,"column":16}},"132":{"start":{"line":229,"column":0},"end":{"line":283,"column":2}},"133":{"start":{"line":230,"column":2},"end":{"line":230,"column":65}},"134":{"start":{"line":231,"column":2},"end":{"line":233,"column":9}},"135":{"start":{"line":234,"column":2},"end":{"line":234,"column":19}},"136":{"start":{"line":236,"column":2},"end":{"line":236,"column":20}},"137":{"start":{"line":237,"column":2},"end":{"line":241,"column":3}},"138":{"start":{"line":238,"column":4},"end":{"line":238,"column":53}},"139":{"start":{"line":240,"column":4},"end":{"line":240,"column":28}},"140":{"start":{"line":242,"column":2},"end":{"line":242,"column":26}},"141":{"start":{"line":244,"column":2},"end":{"line":282,"column":5}},"142":{"start":{"line":245,"column":4},"end":{"line":253,"column":5}},"143":{"start":{"line":246,"column":6},"end":{"line":246,"column":61}},"144":{"start":{"line":247,"column":6},"end":{"line":247,"column":21}},"145":{"start":{"line":248,"column":6},"end":{"line":250,"column":7}},"146":{"start":{"line":249,"column":8},"end":{"line":249,"column":25}},"147":{"start":{"line":251,"column":6},"end":{"line":252,"column":26}},"148":{"start":{"line":255,"column":4},"end":{"line":255,"column":78}},"149":{"start":{"line":257,"column":4},"end":{"line":281,"column":8}},"150":{"start":{"line":258,"column":6},"end":{"line":258,"column":27}},"151":{"start":{"line":259,"column":6},"end":{"line":259,"column":70}},"152":{"start":{"line":260,"column":6},"end":{"line":280,"column":7}},"153":{"start":{"line":262,"column":8},"end":{"line":263,"column":34}},"154":{"start":{"line":265,"column":8},"end":{"line":267,"column":9}},"155":{"start":{"line":266,"column":10},"end":{"line":266,"column":44}},"156":{"start":{"line":269,"column":8},"end":{"line":279,"column":11}},"157":{"start":{"line":270,"column":10},"end":{"line":274,"column":11}},"158":{"start":{"line":271,"column":12},"end":{"line":273,"column":24}},"159":{"start":{"line":276,"column":10},"end":{"line":278,"column":22}},"160":{"start":{"line":285,"column":0},"end":{"line":291,"column":2}},"161":{"start":{"line":286,"column":2},"end":{"line":286,"column":19}},"162":{"start":{"line":287,"column":2},"end":{"line":290,"column":4}},"163":{"start":{"line":288,"column":4},"end":{"line":288,"column":53}},"164":{"start":{"line":289,"column":4},"end":{"line":289,"column":49}},"165":{"start":{"line":293,"column":0},"end":{"line":311,"column":2}},"166":{"start":{"line":294,"column":2},"end":{"line":298,"column":3}},"167":{"start":{"line":295,"column":4},"end":{"line":295,"column":15}},"168":{"start":{"line":296,"column":4},"end":{"line":296,"column":17}},"169":{"start":{"line":297,"column":4},"end":{"line":297,"column":20}},"170":{"start":{"line":300,"column":2},"end":{"line":300,"column":44}},"171":{"start":{"line":301,"column":2},"end":{"line":301,"column":30}},"172":{"start":{"line":303,"column":2},"end":{"line":306,"column":3}},"173":{"start":{"line":304,"column":4},"end":{"line":304,"column":39}},"174":{"start":{"line":305,"column":4},"end":{"line":305,"column":20}},"175":{"start":{"line":308,"column":2},"end":{"line":308,"column":42}},"176":{"start":{"line":310,"column":2},"end":{"line":310,"column":14}},"177":{"start":{"line":313,"column":0},"end":{"line":316,"column":2}},"178":{"start":{"line":314,"column":2},"end":{"line":314,"column":57}},"179":{"start":{"line":315,"column":2},"end":{"line":315,"column":14}},"180":{"start":{"line":318,"column":0},"end":{"line":334,"column":2}},"181":{"start":{"line":319,"column":2},"end":{"line":319,"column":23}},"182":{"start":{"line":320,"column":2},"end":{"line":325,"column":3}},"183":{"start":{"line":321,"column":4},"end":{"line":323,"column":5}},"184":{"start":{"line":322,"column":6},"end":{"line":322,"column":15}},"185":{"start":{"line":324,"column":4},"end":{"line":324,"column":43}},"186":{"start":{"line":326,"column":2},"end":{"line":331,"column":3}},"187":{"start":{"line":327,"column":4},"end":{"line":329,"column":5}},"188":{"start":{"line":328,"column":6},"end":{"line":328,"column":15}},"189":{"start":{"line":330,"column":4},"end":{"line":330,"column":45}},"190":{"start":{"line":333,"column":2},"end":{"line":333,"column":11}},"191":{"start":{"line":336,"column":0},"end":{"line":352,"column":2}},"192":{"start":{"line":337,"column":2},"end":{"line":337,"column":25}},"193":{"start":{"line":338,"column":2},"end":{"line":343,"column":3}},"194":{"start":{"line":339,"column":4},"end":{"line":341,"column":5}},"195":{"start":{"line":340,"column":6},"end":{"line":340,"column":15}},"196":{"start":{"line":342,"column":4},"end":{"line":342,"column":77}},"197":{"start":{"line":344,"column":2},"end":{"line":349,"column":3}},"198":{"start":{"line":345,"column":4},"end":{"line":347,"column":5}},"199":{"start":{"line":346,"column":6},"end":{"line":346,"column":15}},"200":{"start":{"line":348,"column":4},"end":{"line":348,"column":80}},"201":{"start":{"line":351,"column":2},"end":{"line":351,"column":13}},"202":{"start":{"line":354,"column":0},"end":{"line":354,"column":24}}},"branchMap":{"1":{"line":9,"type":"if","locations":[{"start":{"line":9,"column":2},"end":{"line":9,"column":2}},{"start":{"line":9,"column":2},"end":{"line":9,"column":2}}]},"2":{"line":13,"type":"binary-expr","locations":[{"start":{"line":13,"column":13},"end":{"line":13,"column":29}},{"start":{"line":13,"column":33},"end":{"line":13,"column":35}}]},"3":{"line":15,"type":"binary-expr","locations":[{"start":{"line":15,"column":21},"end":{"line":15,"column":34}},{"start":{"line":15,"column":38},"end":{"line":15,"column":39}}]},"4":{"line":21,"type":"if","locations":[{"start":{"line":21,"column":2},"end":{"line":21,"column":2}},{"start":{"line":21,"column":2},"end":{"line":21,"column":2}}]},"5":{"line":28,"type":"if","locations":[{"start":{"line":28,"column":4},"end":{"line":28,"column":4}},{"start":{"line":28,"column":4},"end":{"line":28,"column":4}}]},"6":{"line":33,"type":"if","locations":[{"start":{"line":33,"column":4},"end":{"line":33,"column":4}},{"start":{"line":33,"column":4},"end":{"line":33,"column":4}}]},"7":{"line":37,"type":"if","locations":[{"start":{"line":37,"column":10},"end":{"line":37,"column":10}},{"start":{"line":37,"column":10},"end":{"line":37,"column":10}}]},"8":{"line":38,"type":"if","locations":[{"start":{"line":38,"column":12},"end":{"line":38,"column":12}},{"start":{"line":38,"column":12},"end":{"line":38,"column":12}}]},"9":{"line":49,"type":"if","locations":[{"start":{"line":49,"column":10},"end":{"line":49,"column":10}},{"start":{"line":49,"column":10},"end":{"line":49,"column":10}}]},"10":{"line":50,"type":"if","locations":[{"start":{"line":50,"column":12},"end":{"line":50,"column":12}},{"start":{"line":50,"column":12},"end":{"line":50,"column":12}}]},"11":{"line":57,"type":"if","locations":[{"start":{"line":57,"column":10},"end":{"line":57,"column":10}},{"start":{"line":57,"column":10},"end":{"line":57,"column":10}}]},"12":{"line":61,"type":"if","locations":[{"start":{"line":61,"column":11},"end":{"line":61,"column":11}},{"start":{"line":61,"column":11},"end":{"line":61,"column":11}}]},"13":{"line":63,"type":"if","locations":[{"start":{"line":63,"column":8},"end":{"line":63,"column":8}},{"start":{"line":63,"column":8},"end":{"line":63,"column":8}}]},"14":{"line":64,"type":"if","locations":[{"start":{"line":64,"column":10},"end":{"line":64,"column":10}},{"start":{"line":64,"column":10},"end":{"line":64,"column":10}}]},"15":{"line":71,"type":"if","locations":[{"start":{"line":71,"column":8},"end":{"line":71,"column":8}},{"start":{"line":71,"column":8},"end":{"line":71,"column":8}}]},"16":{"line":72,"type":"if","locations":[{"start":{"line":72,"column":10},"end":{"line":72,"column":10}},{"start":{"line":72,"column":10},"end":{"line":72,"column":10}}]},"17":{"line":82,"type":"cond-expr","locations":[{"start":{"line":82,"column":42},"end":{"line":82,"column":51}},{"start":{"line":82,"column":54},"end":{"line":82,"column":74}}]},"18":{"line":89,"type":"if","locations":[{"start":{"line":89,"column":6},"end":{"line":89,"column":6}},{"start":{"line":89,"column":6},"end":{"line":89,"column":6}}]},"19":{"line":90,"type":"if","locations":[{"start":{"line":90,"column":8},"end":{"line":90,"column":8}},{"start":{"line":90,"column":8},"end":{"line":90,"column":8}}]},"20":{"line":107,"type":"binary-expr","locations":[{"start":{"line":107,"column":13},"end":{"line":107,"column":29}},{"start":{"line":107,"column":33},"end":{"line":107,"column":35}}]},"21":{"line":116,"type":"if","locations":[{"start":{"line":116,"column":2},"end":{"line":116,"column":2}},{"start":{"line":116,"column":2},"end":{"line":116,"column":2}}]},"22":{"line":120,"type":"binary-expr","locations":[{"start":{"line":120,"column":14},"end":{"line":120,"column":31}},{"start":{"line":120,"column":35},"end":{"line":120,"column":37}}]},"23":{"line":125,"type":"if","locations":[{"start":{"line":125,"column":2},"end":{"line":125,"column":2}},{"start":{"line":125,"column":2},"end":{"line":125,"column":2}}]},"24":{"line":125,"type":"binary-expr","locations":[{"start":{"line":125,"column":6},"end":{"line":125,"column":13}},{"start":{"line":125,"column":17},"end":{"line":125,"column":30}}]},"25":{"line":129,"type":"if","locations":[{"start":{"line":129,"column":2},"end":{"line":129,"column":2}},{"start":{"line":129,"column":2},"end":{"line":129,"column":2}}]},"26":{"line":141,"type":"cond-expr","locations":[{"start":{"line":141,"column":52},"end":{"line":141,"column":53}},{"start":{"line":141,"column":56},"end":{"line":141,"column":57}}]},"27":{"line":141,"type":"binary-expr","locations":[{"start":{"line":141,"column":17},"end":{"line":141,"column":24}},{"start":{"line":141,"column":28},"end":{"line":141,"column":49}}]},"28":{"line":142,"type":"if","locations":[{"start":{"line":142,"column":6},"end":{"line":142,"column":6}},{"start":{"line":142,"column":6},"end":{"line":142,"column":6}}]},"29":{"line":142,"type":"binary-expr","locations":[{"start":{"line":142,"column":10},"end":{"line":142,"column":18}},{"start":{"line":142,"column":22},"end":{"line":142,"column":44}}]},"30":{"line":147,"type":"if","locations":[{"start":{"line":147,"column":4},"end":{"line":147,"column":4}},{"start":{"line":147,"column":4},"end":{"line":147,"column":4}}]},"31":{"line":148,"type":"if","locations":[{"start":{"line":148,"column":6},"end":{"line":148,"column":6}},{"start":{"line":148,"column":6},"end":{"line":148,"column":6}}]},"32":{"line":150,"type":"if","locations":[{"start":{"line":150,"column":10},"end":{"line":150,"column":10}},{"start":{"line":150,"column":10},"end":{"line":150,"column":10}}]},"33":{"line":153,"type":"if","locations":[{"start":{"line":153,"column":10},"end":{"line":153,"column":10}},{"start":{"line":153,"column":10},"end":{"line":153,"column":10}}]},"34":{"line":159,"type":"if","locations":[{"start":{"line":159,"column":8},"end":{"line":159,"column":8}},{"start":{"line":159,"column":8},"end":{"line":159,"column":8}}]},"35":{"line":165,"type":"if","locations":[{"start":{"line":165,"column":6},"end":{"line":165,"column":6}},{"start":{"line":165,"column":6},"end":{"line":165,"column":6}}]},"36":{"line":167,"type":"if","locations":[{"start":{"line":167,"column":8},"end":{"line":167,"column":8}},{"start":{"line":167,"column":8},"end":{"line":167,"column":8}}]},"37":{"line":172,"type":"if","locations":[{"start":{"line":172,"column":6},"end":{"line":172,"column":6}},{"start":{"line":172,"column":6},"end":{"line":172,"column":6}}]},"38":{"line":174,"type":"if","locations":[{"start":{"line":174,"column":10},"end":{"line":174,"column":10}},{"start":{"line":174,"column":10},"end":{"line":174,"column":10}}]},"39":{"line":179,"type":"if","locations":[{"start":{"line":179,"column":10},"end":{"line":179,"column":10}},{"start":{"line":179,"column":10},"end":{"line":179,"column":10}}]},"40":{"line":188,"type":"if","locations":[{"start":{"line":188,"column":8},"end":{"line":188,"column":8}},{"start":{"line":188,"column":8},"end":{"line":188,"column":8}}]},"41":{"line":201,"type":"binary-expr","locations":[{"start":{"line":201,"column":14},"end":{"line":201,"column":31}},{"start":{"line":201,"column":35},"end":{"line":201,"column":37}}]},"42":{"line":210,"type":"if","locations":[{"start":{"line":210,"column":2},"end":{"line":210,"column":2}},{"start":{"line":210,"column":2},"end":{"line":210,"column":2}}]},"43":{"line":215,"type":"if","locations":[{"start":{"line":215,"column":6},"end":{"line":215,"column":6}},{"start":{"line":215,"column":6},"end":{"line":215,"column":6}}]},"44":{"line":215,"type":"binary-expr","locations":[{"start":{"line":215,"column":10},"end":{"line":215,"column":28}},{"start":{"line":215,"column":32},"end":{"line":215,"column":50}}]},"45":{"line":220,"type":"binary-expr","locations":[{"start":{"line":220,"column":13},"end":{"line":220,"column":43}},{"start":{"line":220,"column":47},"end":{"line":220,"column":62}}]},"46":{"line":223,"type":"cond-expr","locations":[{"start":{"line":224,"column":6},"end":{"line":224,"column":21}},{"start":{"line":225,"column":6},"end":{"line":225,"column":15}}]},"47":{"line":230,"type":"cond-expr","locations":[{"start":{"line":230,"column":35},"end":{"line":230,"column":56}},{"start":{"line":230,"column":59},"end":{"line":230,"column":63}}]},"48":{"line":231,"type":"cond-expr","locations":[{"start":{"line":232,"column":4},"end":{"line":232,"column":34}},{"start":{"line":233,"column":4},"end":{"line":233,"column":8}}]},"49":{"line":237,"type":"if","locations":[{"start":{"line":237,"column":2},"end":{"line":237,"column":2}},{"start":{"line":237,"column":2},"end":{"line":237,"column":2}}]},"50":{"line":238,"type":"binary-expr","locations":[{"start":{"line":238,"column":20},"end":{"line":238,"column":27}},{"start":{"line":238,"column":31},"end":{"line":238,"column":52}}]},"51":{"line":242,"type":"binary-expr","locations":[{"start":{"line":242,"column":12},"end":{"line":242,"column":19}},{"start":{"line":242,"column":23},"end":{"line":242,"column":25}}]},"52":{"line":245,"type":"if","locations":[{"start":{"line":245,"column":4},"end":{"line":245,"column":4}},{"start":{"line":245,"column":4},"end":{"line":245,"column":4}}]},"53":{"line":246,"type":"binary-expr","locations":[{"start":{"line":246,"column":30},"end":{"line":246,"column":55}},{"start":{"line":246,"column":59},"end":{"line":246,"column":60}}]},"54":{"line":255,"type":"cond-expr","locations":[{"start":{"line":255,"column":47},"end":{"line":255,"column":62}},{"start":{"line":255,"column":65},"end":{"line":255,"column":76}}]},"55":{"line":260,"type":"if","locations":[{"start":{"line":260,"column":6},"end":{"line":260,"column":6}},{"start":{"line":260,"column":6},"end":{"line":260,"column":6}}]},"56":{"line":265,"type":"if","locations":[{"start":{"line":265,"column":8},"end":{"line":265,"column":8}},{"start":{"line":265,"column":8},"end":{"line":265,"column":8}}]},"57":{"line":265,"type":"binary-expr","locations":[{"start":{"line":265,"column":12},"end":{"line":265,"column":25}},{"start":{"line":265,"column":29},"end":{"line":265,"column":58}}]},"58":{"line":270,"type":"if","locations":[{"start":{"line":270,"column":10},"end":{"line":270,"column":10}},{"start":{"line":270,"column":10},"end":{"line":270,"column":10}}]},"59":{"line":271,"type":"cond-expr","locations":[{"start":{"line":272,"column":14},"end":{"line":272,"column":35}},{"start":{"line":273,"column":14},"end":{"line":273,"column":23}}]},"60":{"line":276,"type":"cond-expr","locations":[{"start":{"line":277,"column":12},"end":{"line":277,"column":45}},{"start":{"line":278,"column":12},"end":{"line":278,"column":21}}]},"61":{"line":276,"type":"binary-expr","locations":[{"start":{"line":276,"column":17},"end":{"line":276,"column":46}},{"start":{"line":276,"column":50},"end":{"line":276,"column":64}}]},"62":{"line":294,"type":"if","locations":[{"start":{"line":294,"column":2},"end":{"line":294,"column":2}},{"start":{"line":294,"column":2},"end":{"line":294,"column":2}}]},"63":{"line":300,"type":"binary-expr","locations":[{"start":{"line":300,"column":21},"end":{"line":300,"column":37}},{"start":{"line":300,"column":41},"end":{"line":300,"column":43}}]},"64":{"line":303,"type":"if","locations":[{"start":{"line":303,"column":2},"end":{"line":303,"column":2}},{"start":{"line":303,"column":2},"end":{"line":303,"column":2}}]},"65":{"line":304,"type":"binary-expr","locations":[{"start":{"line":304,"column":20},"end":{"line":304,"column":33}},{"start":{"line":304,"column":37},"end":{"line":304,"column":38}}]},"66":{"line":314,"type":"binary-expr","locations":[{"start":{"line":314,"column":23},"end":{"line":314,"column":40}},{"start":{"line":314,"column":44},"end":{"line":314,"column":46}}]},"67":{"line":321,"type":"if","locations":[{"start":{"line":321,"column":4},"end":{"line":321,"column":4}},{"start":{"line":321,"column":4},"end":{"line":321,"column":4}}]},"68":{"line":327,"type":"if","locations":[{"start":{"line":327,"column":4},"end":{"line":327,"column":4}},{"start":{"line":327,"column":4},"end":{"line":327,"column":4}}]},"69":{"line":339,"type":"if","locations":[{"start":{"line":339,"column":4},"end":{"line":339,"column":4}},{"start":{"line":339,"column":4},"end":{"line":339,"column":4}}]},"70":{"line":342,"type":"binary-expr","locations":[{"start":{"line":342,"column":22},"end":{"line":342,"column":36}},{"start":{"line":342,"column":40},"end":{"line":342,"column":42}}]},"71":{"line":345,"type":"if","locations":[{"start":{"line":345,"column":4},"end":{"line":345,"column":4}},{"start":{"line":345,"column":4},"end":{"line":345,"column":4}}]},"72":{"line":348,"type":"binary-expr","locations":[{"start":{"line":348,"column":23},"end":{"line":348,"column":38}},{"start":{"line":348,"column":42},"end":{"line":348,"column":44}}]}},"code":["'use strict';","","function Kareem() {","  this._pres = {};","  this._posts = {};","}","","Kareem.prototype.execPre = function(name, context, args, callback) {","  if (arguments.length === 3) {","    callback = args;","    args = [];","  }","  var pres = this._pres[name] || [];","  var numPres = pres.length;","  var numAsyncPres = pres.numAsync || 0;","  var currentPre = 0;","  var asyncPresLeft = numAsyncPres;","  var done = false;","  var $args = args;","","  if (!numPres) {","    return process.nextTick(function() {","      callback(null);","    });","  }","","  var next = function() {","    if (currentPre >= numPres) {","      return;","    }","    var pre = pres[currentPre];","","    if (pre.isAsync) {","      pre.fn.call(","        context,","        function(error) {","          if (error) {","            if (done) {","              return;","            }","            done = true;","            return callback(error);","          }","","          ++currentPre;","          next.apply(context, arguments);","        },","        function(error) {","          if (error) {","            if (done) {","              return;","            }","            done = true;","            return callback(error);","          }","","          if (--numAsyncPres === 0) {","            return callback(null);","          }","        });","    } else if (pre.fn.length > 0) {","      var args = [function(error) {","        if (error) {","          if (done) {","            return;","          }","          done = true;","          return callback(error);","        }","","        if (++currentPre >= numPres) {","          if (asyncPresLeft > 0) {","            // Leave parallel hooks to run","            return;","          } else {","            return callback(null);","          }","        }","","        next.apply(context, arguments);","      }];","      var _args = arguments.length >= 2 ? arguments : [null].concat($args);","      for (var i = 1; i < _args.length; ++i) {","        args.push(_args[i]);","      }","      pre.fn.apply(context, args);","    } else {","      pre.fn.call(context);","      if (++currentPre >= numPres) {","        if (asyncPresLeft > 0) {","          // Leave parallel hooks to run","          return;","        } else {","          return process.nextTick(function() {","            callback(null);","          });","        }","      }","      next();","    }","  };","","  next.apply(null, [null].concat(args));","};","","Kareem.prototype.execPreSync = function(name, context) {","  var pres = this._pres[name] || [];","  var numPres = pres.length;","","  for (var i = 0; i < numPres; ++i) {","    pres[i].fn.call(context);","  }","};","","Kareem.prototype.execPost = function(name, context, args, options, callback) {","  if (arguments.length < 5) {","    callback = options;","    options = null;","  }","  var posts = this._posts[name] || [];","  var numPosts = posts.length;","  var currentPost = 0;","","  var firstError = null;","  if (options && options.error) {","    firstError = options.error;","  }","","  if (!numPosts) {","    return process.nextTick(function() {","      callback.apply(null, [firstError].concat(args));","    });","  }","","  var next = function() {","    var post = posts[currentPost];","    var numArgs = 0;","    var argLength = args.length;","    var newArgs = [];","    for (var i = 0; i < argLength; ++i) {","      numArgs += args[i] && args[i]._kareemIgnore ? 0 : 1;","      if (!args[i] || !args[i]._kareemIgnore) {","        newArgs.push(args[i]);","      }","    }","","    if (firstError) {","      if (post.length === numArgs + 2) {","        post.apply(context, [firstError].concat(newArgs).concat(function(error) {","          if (error) {","            firstError = error;","          }","          if (++currentPost >= numPosts) {","            return callback.call(null, firstError);","          }","          next();","        }));","      } else {","        if (++currentPost >= numPosts) {","          return callback.call(null, firstError);","        }","        next();","      }","    } else {","      if (post.length === numArgs + 2) {","        // Skip error handlers if no error","        if (++currentPost >= numPosts) {","          return callback.apply(null, [null].concat(args));","        }","        return next();","      }","      if (post.length === numArgs + 1) {","        post.apply(context, newArgs.concat(function(error) {","          if (error) {","            firstError = error;","            return next();","          }","","          if (++currentPost >= numPosts) {","            return callback.apply(null, [null].concat(args));","          }","","          next();","        }));","      } else {","        post.apply(context, newArgs);","","        if (++currentPost >= numPosts) {","          return callback.apply(null, [null].concat(args));","        }","","        next();","      }","    }","  };","","  next();","};","","Kareem.prototype.execPostSync = function(name, context) {","  var posts = this._posts[name] || [];","  var numPosts = posts.length;","","  for (var i = 0; i < numPosts; ++i) {","    posts[i].call(context);","  }","};","","function _handleWrapError(instance, error, name, context, args, options, callback) {","  if (options.useErrorHandlers) {","    var _options = { error: error };","    var newArgs = [];","    // Filter out trailing undefineds","    for (var i = args.length; i >= 0; --i) {","      if (newArgs.length > 0 || args[i] !== void 0) {","        newArgs.unshift(args[i]);","      }","    }","    return instance.execPost(name, context, newArgs, _options, function(error) {","      return typeof callback === 'function' && callback(error);","    });","  } else {","    return typeof callback === 'function' ?","      callback(error) :","      undefined;","  }","}","","Kareem.prototype.wrap = function(name, fn, context, args, options) {","  var lastArg = (args.length > 0 ? args[args.length - 1] : null);","  var argsWithoutCb = typeof lastArg === 'function' ?","    args.slice(0, args.length - 1) :","    args;","  var _this = this;","","  var useLegacyPost;","  if (typeof options === 'object') {","    useLegacyPost = options && options.useLegacyPost;","  } else {","    useLegacyPost = options;","  }","  options = options || {};","","  this.execPre(name, context, args, function(error) {","    if (error) {","      var numCallbackParams = options.numCallbackParams || 0;","      var nulls = [];","      for (var i = 0; i < numCallbackParams; ++i) {","        nulls.push(null);","      }","      return _handleWrapError(_this, error, name, context, nulls,","        options, lastArg);","    }","","    var end = (typeof lastArg === 'function' ? args.length - 1 : args.length);","","    fn.apply(context, args.slice(0, end).concat(function() {","      var args = arguments;","      var argsWithoutError = Array.prototype.slice.call(arguments, 1);","      if (arguments[0]) {","        // Assume error","        return _handleWrapError(_this, arguments[0], name, context,","          args, options, lastArg);","      } else {","        if (useLegacyPost && typeof lastArg === 'function') {","          lastArg.apply(context, arguments);","        }","","        _this.execPost(name, context, argsWithoutError, function() {","          if (arguments[0]) {","            return typeof lastArg === 'function' ?","              lastArg(arguments[0]) :","              undefined;","          }","","          return typeof lastArg === 'function' && !useLegacyPost ?","            lastArg.apply(context, arguments) :","            undefined;","        });","      }","    }));","  });","};","","Kareem.prototype.createWrapper = function(name, fn, context, options) {","  var _this = this;","  return function() {","    var args = Array.prototype.slice.call(arguments);","    _this.wrap(name, fn, context, args, options);","  };","};","","Kareem.prototype.pre = function(name, isAsync, fn, error) {","  if (typeof arguments[1] !== 'boolean') {","    error = fn;","    fn = isAsync;","    isAsync = false;","  }","","  this._pres[name] = this._pres[name] || [];","  var pres = this._pres[name];","","  if (isAsync) {","    pres.numAsync = pres.numAsync || 0;","    ++pres.numAsync;","  }","","  pres.push({ fn: fn, isAsync: isAsync });","","  return this;","};","","Kareem.prototype.post = function(name, fn) {","  (this._posts[name] = this._posts[name] || []).push(fn);","  return this;","};","","Kareem.prototype.clone = function() {","  var n = new Kareem();","  for (var key in this._pres) {","    if (!this._pres.hasOwnProperty(key)) {","      continue;","    }","    n._pres[key] = this._pres[key].slice();","  }","  for (var key in this._posts) {","    if (!this._posts.hasOwnProperty(key)) {","      continue;","    }","    n._posts[key] = this._posts[key].slice();","  }","","  return n;","};","","Kareem.prototype.merge = function(other) {","  var ret = this.clone();","  for (var key in other._pres) {","    if (!other._pres.hasOwnProperty(key)) {","      continue;","    }","    ret._pres[key] = (ret._pres[key] || []).concat(other._pres[key].slice());","  }","  for (var key in other._posts) {","    if (!other._posts.hasOwnProperty(key)) {","      continue;","    }","    ret._posts[key] = (ret._posts[key] || []).concat(other._posts[key].slice());","  }","","  return ret;","};","","module.exports = Kareem;",""],"l":{"3":1,"4":0,"5":0,"8":1,"9":0,"10":0,"11":0,"13":0,"14":0,"15":0,"16":0,"17":0,"18":0,"19":0,"21":0,"22":0,"23":0,"27":0,"28":0,"29":0,"31":0,"33":0,"34":0,"37":0,"38":0,"39":0,"41":0,"42":0,"45":0,"46":0,"49":0,"50":0,"51":0,"53":0,"54":0,"57":0,"58":0,"61":0,"62":0,"63":0,"64":0,"65":0,"67":0,"68":0,"71":0,"72":0,"74":0,"76":0,"80":0,"82":0,"83":0,"84":0,"86":0,"88":0,"89":0,"90":0,"92":0,"94":0,"95":0,"99":0,"103":0,"106":1,"107":0,"108":0,"110":0,"111":0,"115":1,"116":0,"117":0,"118":0,"120":0,"121":0,"122":0,"124":0,"125":0,"126":0,"129":0,"130":0,"131":0,"135":0,"136":0,"137":0,"138":0,"139":0,"140":0,"141":0,"142":0,"143":0,"147":0,"148":0,"149":0,"150":0,"151":0,"153":0,"154":0,"156":0,"159":0,"160":0,"162":0,"165":0,"167":0,"168":0,"170":0,"172":0,"173":0,"174":0,"175":0,"176":0,"179":0,"180":0,"183":0,"186":0,"188":0,"189":0,"192":0,"197":0,"200":1,"201":0,"202":0,"204":0,"205":0,"209":1,"210":0,"211":0,"212":0,"214":0,"215":0,"216":0,"219":0,"220":0,"223":0,"229":1,"230":0,"231":0,"234":0,"236":0,"237":0,"238":0,"240":0,"242":0,"244":0,"245":0,"246":0,"247":0,"248":0,"249":0,"251":0,"255":0,"257":0,"258":0,"259":0,"260":0,"262":0,"265":0,"266":0,"269":0,"270":0,"271":0,"276":0,"285":1,"286":0,"287":0,"288":0,"289":0,"293":1,"294":0,"295":0,"296":0,"297":0,"300":0,"301":0,"303":0,"304":0,"305":0,"308":0,"310":0,"313":1,"314":0,"315":0,"318":1,"319":0,"320":0,"321":0,"322":0,"324":0,"326":0,"327":0,"328":0,"330":0,"333":0,"336":1,"337":0,"338":0,"339":0,"340":0,"342":0,"344":0,"345":0,"346":0,"348":0,"351":0,"354":1}},"/home/travis/build/npmtest/node-npmtest-kareem/node_modules/kareem/gulpfile.js":{"path":"/home/travis/build/npmtest/node-npmtest-kareem/node_modules/kareem/gulpfile.js","s":{"1":2,"2":0,"3":0,"4":0,"5":0,"6":0,"7":0,"8":0,"9":0,"10":0},"b":{},"f":{"1":0,"2":0,"3":0},"fnMap":{"1":{"name":"(anonymous_1)","line":6,"loc":{"start":{"line":6,"column":19},"end":{"line":6,"column":30}}},"2":{"name":"(anonymous_2)","line":11,"loc":{"start":{"line":11,"column":18},"end":{"line":11,"column":29}}},"3":{"name":"(anonymous_3)","line":16,"loc":{"start":{"line":16,"column":19},"end":{"line":16,"column":30}}}},"statementMap":{"1":{"start":{"line":1,"column":0},"end":{"line":1,"column":27}},"2":{"start":{"line":2,"column":0},"end":{"line":2,"column":34}},"3":{"start":{"line":3,"column":0},"end":{"line":3,"column":39}},"4":{"start":{"line":4,"column":0},"end":{"line":4,"column":32}},"5":{"start":{"line":6,"column":0},"end":{"line":9,"column":3}},"6":{"start":{"line":7,"column":2},"end":{"line":8,"column":37}},"7":{"start":{"line":11,"column":0},"end":{"line":14,"column":3}},"8":{"start":{"line":12,"column":2},"end":{"line":13,"column":34}},"9":{"start":{"line":16,"column":0},"end":{"line":18,"column":3}},"10":{"start":{"line":17,"column":2},"end":{"line":17,"column":46}}},"branchMap":{},"code":["var gulp = require('gulp');","var mocha = require('gulp-mocha');","var config = require('./package.json');","var jscs = require('gulp-jscs');","","gulp.task('mocha', function() {","  return gulp.src('./test/*').","    pipe(mocha({ reporter: 'dot' }));","});","","gulp.task('jscs', function() {","  return gulp.src('./index.js').","    pipe(jscs(config.jscsConfig));","});","","gulp.task('watch', function() {","  gulp.watch('./index.js', ['jscs', 'mocha']);","});",""],"l":{"1":2,"2":0,"3":0,"4":0,"6":0,"7":0,"11":0,"12":0,"16":0,"17":0}}}